INFO:Initialize variables. Starting simulation...
INFO:[2022-09-01 00:00:00] Current P/L: $0, %100.0
INFO:[2022-09-01 00:00:00] Current holdings: []
INFO:[2022-09-01 00:00:00] 0 interesting insider trades
INFO:[2022-09-02 00:00:00] Current P/L: $0, %100.0
INFO:[2022-09-02 00:00:00] Current holdings: []
INFO:[2022-09-02 00:00:00] 0 interesting insider trades
INFO:[2022-09-05 00:00:00] Current P/L: $0, %100.0
INFO:[2022-09-05 00:00:00] Current holdings: []
INFO:[2022-09-05 00:00:00] 0 interesting insider trades
INFO:[2022-09-06 00:00:00] Current P/L: $0, %100.0
INFO:[2022-09-06 00:00:00] Current holdings: []
INFO:[2022-09-06 00:00:00] 1 interesting insider trades
INFO:[2022-09-06 00:00:00] buying HCCI for 473.0999994277954
INFO:[2022-09-07 00:00:00] Current P/L: $2.999997138977051, %100.06
INFO:[2022-09-07 00:00:00] Current holdings: [[HCCI quantity:15; profit:1.01]]
INFO:[2022-09-07 00:00:00] 2 interesting insider trades
INFO:[2022-09-07 00:00:00] buying BEN for 492.8599920272827
INFO:[2022-09-07 00:00:00] buying TUP for 498.4800124168396
INFO:[2022-09-08 00:00:00] Current P/L: $45.865012645721436, %100.92
INFO:[2022-09-08 00:00:00] Current holdings: [[HCCI quantity:15; profit:1.01][BEN quantity:19; profit:1.0][TUP quantity:62; profit:1.09]]
INFO:[2022-09-08 00:00:00] Selling asset [TUP] for $542.8100070953369. Profi: 1.0889303353680462
INFO:[2022-09-08 00:00:00] 1 interesting insider trades
INFO:[2022-09-09 00:00:00] Current P/L: $62.08499765396118, %101.24
INFO:[2022-09-09 00:00:00] Current holdings: [[HCCI quantity:15; profit:1.02][BEN quantity:19; profit:1.02]]
INFO:[2022-09-09 00:00:00] Selling asset [HCCI] for $480.9749937057495. Profi: 1.0166455174117073
INFO:[2022-09-09 00:00:00] Selling asset [BEN] for $502.7400007247925. Profi: 1.020046278572684
INFO:[2022-09-09 00:00:00] 0 interesting insider trades
INFO:[2022-09-12 00:00:00] Current P/L: $62.08499765396118, %101.24
INFO:[2022-09-12 00:00:00] Current holdings: []
INFO:[2022-09-12 00:00:00] 1 interesting insider trades
INFO:[2022-09-12 00:00:00] buying PFG for 475.2000045776367
INFO:[2022-09-13 00:00:00] Current P/L: $53.95500040054321, %101.08
INFO:[2022-09-13 00:00:00] Current holdings: [[PFG quantity:6; profit:0.98]]
INFO:[2022-09-13 00:00:00] 2 interesting insider trades
INFO:[2022-09-13 00:00:00] failed to get price for NLSN
INFO:[2022-09-14 00:00:00] Current P/L: $52.7850022315979, %101.06
INFO:[2022-09-14 00:00:00] Current holdings: [[PFG quantity:6; profit:0.98]]
INFO:[2022-09-14 00:00:00] 1 interesting insider trades
INFO:[2022-09-14 00:00:00] failed to get price for NLOK
INFO:[2022-09-15 00:00:00] Current P/L: $52.54499673843384, %101.05
INFO:[2022-09-15 00:00:00] Current holdings: [[PFG quantity:6; profit:0.98]]
INFO:[2022-09-15 00:00:00] 0 interesting insider trades
INFO:[2022-09-16 00:00:00] Current P/L: $48.85500955581665, %100.98
INFO:[2022-09-16 00:00:00] Current holdings: [[PFG quantity:6; profit:0.97]]
INFO:[2022-09-16 00:00:00] 1 interesting insider trades
INFO:[2022-09-19 00:00:00] Current P/L: $47.1449875831604, %100.94
INFO:[2022-09-19 00:00:00] Current holdings: [[PFG quantity:6; profit:0.97]]
INFO:[2022-09-19 00:00:00] 2 interesting insider trades
INFO:[2022-09-19 00:00:00] buying IEX for 413.2899932861328
INFO:[2022-09-20 00:00:00] Current P/L: $48.79498910903931, %100.98
INFO:[2022-09-20 00:00:00] Current holdings: [[PFG quantity:6; profit:0.97][IEX quantity:2; profit:1.0]]
INFO:[2022-09-20 00:00:00] 0 interesting insider trades
INFO:[2022-09-21 00:00:00] Current P/L: $45.86499643325806, %100.92
INFO:[2022-09-21 00:00:00] Current holdings: [[PFG quantity:6; profit:0.97][IEX quantity:2; profit:1.0]]
INFO:[2022-09-21 00:00:00] 0 interesting insider trades
INFO:[2022-09-22 00:00:00] Current P/L: $32.95499277114868, %100.66
INFO:[2022-09-22 00:00:00] Current holdings: [[PFG quantity:6; profit:0.96][IEX quantity:2; profit:0.98]]
INFO:[2022-09-22 00:00:00] 0 interesting insider trades
INFO:[2022-09-23 00:00:00] Current P/L: $12.945013523101807, %100.26
INFO:[2022-09-23 00:00:00] Current holdings: [[PFG quantity:6; profit:0.93][IEX quantity:2; profit:0.97]]
INFO:[2022-09-23 00:00:00] 0 interesting insider trades
INFO:[2022-09-26 00:00:00] Current P/L: $1.6549897193908691, %100.03
INFO:[2022-09-26 00:00:00] Current holdings: [[PFG quantity:6; profit:0.9][IEX quantity:2; profit:0.96]]
INFO:[2022-09-26 00:00:00] 0 interesting insider trades
INFO:[2022-09-27 00:00:00] Current P/L: $3.794996738433838, %100.08
INFO:[2022-09-27 00:00:00] Current holdings: [[PFG quantity:6; profit:0.91][IEX quantity:2; profit:0.97]]
INFO:[2022-09-27 00:00:00] 0 interesting insider trades
INFO:[2022-09-28 00:00:00] Current P/L: $7.834997653961182, %100.16
INFO:[2022-09-28 00:00:00] Current holdings: [[PFG quantity:6; profit:0.91][IEX quantity:2; profit:0.97]]
INFO:[2022-09-28 00:00:00] 0 interesting insider trades
INFO:[2022-09-29 00:00:00] Current P/L: $6.344984531402588, %100.13
INFO:[2022-09-29 00:00:00] Current holdings: [[PFG quantity:6; profit:0.91][IEX quantity:2; profit:0.97]]
INFO:[2022-09-29 00:00:00] 1 interesting insider trades
INFO:[2022-09-30 00:00:00] Current P/L: $5.125013828277588, %100.1
INFO:[2022-09-30 00:00:00] Current holdings: [[PFG quantity:6; profit:0.91][IEX quantity:2; profit:0.97]]
INFO:[2022-09-30 00:00:00] 0 interesting insider trades
INFO:[2022-10-03 00:00:00] Current P/L: $26.41499948501587, %100.53
INFO:[2022-10-03 00:00:00] Current holdings: [[PFG quantity:6; profit:0.94][IEX quantity:2; profit:0.98]]
INFO:[2022-10-03 00:00:00] Selling asset [PFG] for $445.8600082397461. Profi: 0.9382575840588041
INFO:[2022-10-03 00:00:00] 0 interesting insider trades
INFO:[2022-10-04 00:00:00] Current P/L: $37.73500680923462, %100.75
INFO:[2022-10-04 00:00:00] Current holdings: [[IEX quantity:2; profit:1.01]]
INFO:[2022-10-04 00:00:00] Selling asset [IEX] for $418.2799987792969. Profi: 1.0120738599390897
INFO:[2022-10-04 00:00:00] 1 interesting insider trades
INFO:[2022-10-04 00:00:00] buying TPR for 496.1600036621094
INFO:[2022-10-05 00:00:00] Current P/L: $44.29500436782837, %100.89
INFO:[2022-10-05 00:00:00] Current holdings: [[TPR quantity:16; profit:1.01]]
INFO:[2022-10-05 00:00:00] Selling asset [TPR] for $502.7200012207031. Profi: 1.013221536420056
INFO:[2022-10-05 00:00:00] 0 interesting insider trades
INFO:[2022-10-06 00:00:00] Current P/L: $44.29500436782837, %100.89
INFO:[2022-10-06 00:00:00] Current holdings: []
INFO:[2022-10-06 00:00:00] 1 interesting insider trades
INFO:[2022-10-06 00:00:00] buying HCCI for 491.28001403808594
INFO:[2022-10-07 00:00:00] Current P/L: $31.01499032974243, %100.62
INFO:[2022-10-07 00:00:00] Current holdings: [[HCCI quantity:16; profit:0.97]]
INFO:[2022-10-07 00:00:00] 2 interesting insider trades
INFO:[2022-10-07 00:00:00] buying TUP for 501.98000144958496
INFO:[2022-10-10 00:00:00] Current P/L: $10.254976749420166, %100.21
INFO:[2022-10-10 00:00:00] Current holdings: [[HCCI quantity:16; profit:0.95][TUP quantity:76; profit:0.98]]
INFO:[2022-10-10 00:00:00] 0 interesting insider trades
INFO:[2022-10-11 00:00:00] Current P/L: $5.715003490447998, %100.11
INFO:[2022-10-11 00:00:00] Current holdings: [[HCCI quantity:16; profit:0.95][TUP quantity:76; profit:0.98]]
INFO:[2022-10-11 00:00:00] 0 interesting insider trades
INFO:[2022-10-12 00:00:00] Current P/L: $20.37499475479126, %100.41
INFO:[2022-10-12 00:00:00] Current holdings: [[HCCI quantity:16; profit:0.95][TUP quantity:76; profit:1.01]]
INFO:[2022-10-12 00:00:00] 1 interesting insider trades
INFO:[2022-10-12 00:00:00] buying PFG for 454.70999908447266
INFO:[2022-10-13 00:00:00] Current P/L: $26.55499792098999, %100.53
INFO:[2022-10-13 00:00:00] Current holdings: [[HCCI quantity:16; profit:0.95][TUP quantity:76; profit:1.0][PFG quantity:6; profit:1.01]]
INFO:[2022-10-13 00:00:00] Selling asset [PFG] for $461.07000732421875. Profi: 1.0139869548779477
INFO:[2022-10-13 00:00:00] 2 interesting insider trades
INFO:[2022-10-13 00:00:00] failed to get price for NLSN
INFO:[2022-10-14 00:00:00] Current P/L: $50.654980182647705, %101.01
INFO:[2022-10-14 00:00:00] Current holdings: [[HCCI quantity:16; profit:0.97][TUP quantity:76; profit:1.03]]
INFO:[2022-10-14 00:00:00] Selling asset [TUP] for $518.6999855041504. Profi: 1.0333080680630355
INFO:[2022-10-14 00:00:00] 1 interesting insider trades
INFO:[2022-10-14 00:00:00] failed to get price for NLOK
INFO:[2022-10-17 00:00:00] Current P/L: $51.45498323440552, %101.03
INFO:[2022-10-17 00:00:00] Current holdings: [[HCCI quantity:16; profit:0.97]]
INFO:[2022-10-17 00:00:00] 1 interesting insider trades
INFO:[2022-10-18 00:00:00] Current P/L: $66.01498079299927, %101.32
INFO:[2022-10-18 00:00:00] Current holdings: [[HCCI quantity:16; profit:1.0]]
INFO:[2022-10-18 00:00:00] 1 interesting insider trades
INFO:[2022-10-19 00:00:00] Current P/L: $81.21499300003052, %101.62
INFO:[2022-10-19 00:00:00] Current holdings: [[HCCI quantity:16; profit:1.03]]
INFO:[2022-10-19 00:00:00] Selling asset [HCCI] for $505.12001037597656. Profi: 1.0281712993454233
INFO:[2022-10-19 00:00:00] 2 interesting insider trades
INFO:[2022-10-19 00:00:00] buying IEX for 409.0800018310547
INFO:[2022-10-20 00:00:00] Current P/L: $75.59498262405396, %101.51
INFO:[2022-10-20 00:00:00] Current holdings: [[IEX quantity:2; profit:0.99]]
INFO:[2022-10-20 00:00:00] 0 interesting insider trades
INFO:[2022-10-21 00:00:00] Current P/L: $76.69498872756958, %101.53
INFO:[2022-10-21 00:00:00] Current holdings: [[IEX quantity:2; profit:0.99]]
INFO:[2022-10-21 00:00:00] 0 interesting insider trades
INFO:[2022-10-24 00:00:00] Current P/L: $85.38499116897583, %101.71
INFO:[2022-10-24 00:00:00] Current holdings: [[IEX quantity:2; profit:1.01]]
INFO:[2022-10-24 00:00:00] Selling asset [IEX] for $413.25. Profi: 1.0101936006411467
INFO:[2022-10-24 00:00:00] 0 interesting insider trades
INFO:[2022-10-25 00:00:00] Current P/L: $85.38499116897583, %101.71
INFO:[2022-10-25 00:00:00] Current holdings: []
INFO:[2022-10-25 00:00:00] 0 interesting insider trades
INFO:[2022-10-26 00:00:00] Current P/L: $85.38499116897583, %101.71
INFO:[2022-10-26 00:00:00] Current holdings: []
INFO:[2022-10-26 00:00:00] 0 interesting insider trades
INFO:[2022-10-27 00:00:00] Current P/L: $85.38499116897583, %101.71
INFO:[2022-10-27 00:00:00] Current holdings: []
INFO:[2022-10-27 00:00:00] 0 interesting insider trades
INFO:[2022-10-28 00:00:00] Current P/L: $85.38499116897583, %101.71
INFO:[2022-10-28 00:00:00] Current holdings: []
INFO:[2022-10-28 00:00:00] 0 interesting insider trades
INFO:[2022-10-31 00:00:00] Current P/L: $85.38499116897583, %101.71
INFO:[2022-10-31 00:00:00] Current holdings: []
INFO:[2022-10-31 00:00:00] 1 interesting insider trades
INFO:[2022-10-31 00:00:00] buying BSY for 492.38000106811523
INFO:[2022-11-01 00:00:00] Current P/L: $81.81500291824341, %101.64
INFO:[2022-11-01 00:00:00] Current holdings: [[BSY quantity:14; profit:0.99]]
INFO:[2022-11-01 00:00:00] 0 interesting insider trades
INFO:[2022-11-02 00:00:00] Current P/L: $56.54497194290161, %101.13
INFO:[2022-11-02 00:00:00] Current holdings: [[BSY quantity:14; profit:0.94]]
INFO:[2022-11-02 00:00:00] 0 interesting insider trades
INFO:[2022-11-03 00:00:00] Current P/L: $46.46499490737915, %100.93
INFO:[2022-11-03 00:00:00] Current holdings: [[BSY quantity:14; profit:0.92]]
INFO:[2022-11-03 00:00:00] 0 interesting insider trades
INFO:[2022-11-04 00:00:00] Current P/L: $57.45497941970825, %101.15
INFO:[2022-11-04 00:00:00] Current holdings: [[BSY quantity:14; profit:0.94]]
INFO:[2022-11-04 00:00:00] 1 interesting insider trades
INFO:[2022-11-04 00:00:00] buying TPR for 477.5999879837036
INFO:[2022-11-07 00:00:00] Current P/L: $67.0000147819519, %101.34
INFO:[2022-11-07 00:00:00] Current holdings: [[BSY quantity:14; profit:0.95][TPR quantity:15; profit:1.01]]
INFO:[2022-11-07 00:00:00] Selling asset [TPR] for $484.27499771118164. Profi: 1.0139761513723191
INFO:[2022-11-07 00:00:00] 2 interesting insider trades
INFO:[2022-11-07 00:00:00] buying BEN for 489.50998878479004
INFO:[2022-11-07 00:00:00] buying TUP for 505.61999797821045
INFO:[2022-11-08 00:00:00] Current P/L: $145.90501022338867, %102.92
INFO:[2022-11-08 00:00:00] Current holdings: [[BSY quantity:14; profit:0.98][BEN quantity:21; profit:1.0][TUP quantity:106; profit:1.12]]
INFO:[2022-11-08 00:00:00] Selling asset [TUP] for $566.5700030326843. Profi: 1.120545083853864
INFO:[2022-11-08 00:00:00] 1 interesting insider trades
INFO:[2022-11-09 00:00:00] Current P/L: $139.7800168991089, %102.8
INFO:[2022-11-09 00:00:00] Current holdings: [[BSY quantity:14; profit:0.99][BEN quantity:21; profit:0.99]]
INFO:[2022-11-09 00:00:00] 0 interesting insider trades
INFO:[2022-11-10 00:00:00] Current P/L: $217.27003479003906, %104.35
INFO:[2022-11-10 00:00:00] Current holdings: [[BSY quantity:14; profit:1.07][BEN quantity:21; profit:1.06]]
INFO:[2022-11-10 00:00:00] Selling asset [BSY] for $528.0800170898438. Profi: 1.072505008213747
INFO:[2022-11-10 00:00:00] Selling asset [BEN] for $518.0700016021729. Profi: 1.0583440858648934
INFO:[2022-11-10 00:00:00] 0 interesting insider trades
INFO:[2022-11-11 00:00:00] Current P/L: $217.27003479003906, %104.35
INFO:[2022-11-11 00:00:00] Current holdings: []
INFO:[2022-11-11 00:00:00] 0 interesting insider trades
INFO:[2022-11-14 00:00:00] Current P/L: $217.27003479003906, %104.35
INFO:[2022-11-14 00:00:00] Current holdings: []
INFO:[2022-11-14 00:00:00] 1 interesting insider trades
INFO:[2022-11-14 00:00:00] failed to get price for NLOK
INFO:[2022-11-15 00:00:00] Current P/L: $217.27003479003906, %104.35
INFO:[2022-11-15 00:00:00] Current holdings: []
INFO:[2022-11-15 00:00:00] 0 interesting insider trades
INFO:[2022-11-16 00:00:00] Current P/L: $217.27003479003906, %104.35
INFO:[2022-11-16 00:00:00] Current holdings: []
INFO:[2022-11-16 00:00:00] 1 interesting insider trades
INFO:[2022-11-16 00:00:00] buying JCI for 462.3149871826172
INFO:[2022-11-17 00:00:00] Current P/L: $211.42504119873047, %104.23
INFO:[2022-11-17 00:00:00] Current holdings: [[JCI quantity:7; profit:0.99]]
INFO:[2022-11-17 00:00:00] 1 interesting insider trades
INFO:[2022-11-18 00:00:00] Current P/L: $223.88505935668945, %104.48
INFO:[2022-11-18 00:00:00] Current holdings: [[JCI quantity:7; profit:1.01]]
INFO:[2022-11-18 00:00:00] Selling asset [JCI] for $468.9300117492676. Profi: 1.0143084796081625
INFO:[2022-11-18 00:00:00] 1 interesting insider trades
INFO:[2022-11-18 00:00:00] buying J for 503.82000732421875
INFO:[2022-11-21 00:00:00] Current P/L: $221.20505142211914, %104.42
INFO:[2022-11-21 00:00:00] Current holdings: [[J quantity:4; profit:0.99]]
INFO:[2022-11-21 00:00:00] 0 interesting insider trades
INFO:[2022-11-22 00:00:00] Current P/L: $214.72505569458008, %104.29
INFO:[2022-11-22 00:00:00] Current holdings: [[J quantity:4; profit:0.98]]
INFO:[2022-11-22 00:00:00] 0 interesting insider trades
INFO:[2022-11-23 00:00:00] Current P/L: $212.0050392150879, %104.24
INFO:[2022-11-23 00:00:00] Current holdings: [[J quantity:4; profit:0.98]]
INFO:[2022-11-23 00:00:00] 0 interesting insider trades
INFO:[2022-11-24 00:00:00] Current P/L: $-278.9349479675293, %94.42
INFO:[2022-11-24 00:00:00] Current holdings: [[J quantity:4; profit:1]]
INFO:[2022-11-24 00:00:00] 0 interesting insider trades
INFO:[2022-11-25 00:00:00] Current P/L: $213.66505813598633, %104.27
INFO:[2022-11-25 00:00:00] Current holdings: [[J quantity:4; profit:0.98]]
INFO:[2022-11-25 00:00:00] 0 interesting insider trades
INFO:[2022-11-28 00:00:00] Current P/L: $209.0050392150879, %104.18
INFO:[2022-11-28 00:00:00] Current holdings: [[J quantity:4; profit:0.97]]
INFO:[2022-11-28 00:00:00] 0 interesting insider trades
INFO:[2022-11-29 00:00:00] Current P/L: $209.0050392150879, %104.18
INFO:[2022-11-29 00:00:00] Current holdings: [[J quantity:4; profit:0.97]]
INFO:[2022-11-29 00:00:00] 1 interesting insider trades
INFO:[2022-11-30 00:00:00] Current P/L: $218.72505569458008, %104.37
INFO:[2022-11-30 00:00:00] Current holdings: [[J quantity:4; profit:0.99]]
INFO:[2022-11-30 00:00:00] 0 interesting insider trades
INFO:[2022-12-01 00:00:00] Current P/L: $222.88505935668945, %104.46
INFO:[2022-12-01 00:00:00] Current holdings: [[J quantity:4; profit:1.0]]
INFO:[2022-12-01 00:00:00] 0 interesting insider trades
INFO:[2022-12-02 00:00:00] Current P/L: $217.20505142211914, %104.34
INFO:[2022-12-02 00:00:00] Current holdings: [[J quantity:4; profit:0.99]]
INFO:[2022-12-02 00:00:00] 0 interesting insider trades
INFO:[2022-12-05 00:00:00] Current P/L: $211.40504837036133, %104.23
INFO:[2022-12-05 00:00:00] Current holdings: [[J quantity:4; profit:0.98]]
INFO:[2022-12-05 00:00:00] 0 interesting insider trades
INFO:[2022-12-06 00:00:00] Current P/L: $207.12504959106445, %104.14
INFO:[2022-12-06 00:00:00] Current holdings: [[J quantity:4; profit:0.97]]
INFO:[2022-12-06 00:00:00] 1 interesting insider trades
INFO:[2022-12-06 00:00:00] buying HCCI for 498.8800048828125
INFO:[2022-12-07 00:00:00] Current P/L: $205.4050636291504, %104.11
INFO:[2022-12-07 00:00:00] Current holdings: [[J quantity:4; profit:0.97][HCCI quantity:16; profit:0.99]]
INFO:[2022-12-07 00:00:00] 2 interesting insider trades
INFO:[2022-12-07 00:00:00] buying BEN for 506.3500108718872
INFO:[2022-12-07 00:00:00] buying TUP for 520.4100065231323
INFO:[2022-12-08 00:00:00] Current P/L: $207.86504077911377, %104.16
INFO:[2022-12-08 00:00:00] Current holdings: [[J quantity:4; profit:0.97][HCCI quantity:16; profit:1.0][BEN quantity:19; profit:1.01][TUP quantity:114; profit:0.99]]
INFO:[2022-12-08 00:00:00] Selling asset [J] for $490.8000030517578. Profi: 0.9741574290754946
INFO:[2022-12-08 00:00:00] 1 interesting insider trades
INFO:[2022-12-08 00:00:00] buying JCI for 466.6899871826172
INFO:[2022-12-09 00:00:00] Current P/L: $174.07001972198486, %103.48
INFO:[2022-12-09 00:00:00] Current holdings: [[HCCI quantity:16; profit:0.99][BEN quantity:19; profit:1.0][TUP quantity:114; profit:0.94][JCI quantity:7; profit:0.99]]
INFO:[2022-12-09 00:00:00] 0 interesting insider trades
INFO:[2022-12-12 00:00:00] Current P/L: $154.4300389289856, %103.09
INFO:[2022-12-12 00:00:00] Current holdings: [[HCCI quantity:16; profit:1.0][BEN quantity:19; profit:1.01][TUP quantity:114; profit:0.9][JCI quantity:7; profit:0.98]]
INFO:[2022-12-12 00:00:00] 1 interesting insider trades
INFO:[2022-12-12 00:00:00] buying PFG for 446.8499946594238
INFO:[2022-12-13 00:00:00] Current P/L: $228.53006029129028, %104.57
INFO:[2022-12-13 00:00:00] Current holdings: [[HCCI quantity:16; profit:1.04][BEN quantity:19; profit:1.05][TUP quantity:114; profit:0.93][JCI quantity:7; profit:1.01][PFG quantity:5; profit:1.02]]
INFO:[2022-12-13 00:00:00] Selling asset [HCCI] for $516.3999938964844. Profi: 1.0351186434457067
INFO:[2022-12-13 00:00:00] Selling asset [BEN] for $530.2900152206421. Profi: 1.047279557291867
INFO:[2022-12-13 00:00:00] Selling asset [PFG] for $454.6500015258789. Profi: 1.0174555375622194
INFO:[2022-12-13 00:00:00] 2 interesting insider trades
INFO:[2022-12-13 00:00:00] buying HPE for 521.4400024414062
INFO:[2022-12-13 00:00:00] failed to get price for NLSN
INFO:[2022-12-14 00:00:00] Current P/L: $226.5551152229309, %104.53
INFO:[2022-12-14 00:00:00] Current holdings: [[TUP quantity:114; profit:0.94][JCI quantity:7; profit:1.0][HPE quantity:32; profit:0.99]]
INFO:[2022-12-14 00:00:00] 1 interesting insider trades
INFO:[2022-12-14 00:00:00] failed to get price for NLOK
INFO:[2022-12-15 00:00:00] Current P/L: $194.28006649017334, %103.89
INFO:[2022-12-15 00:00:00] Current holdings: [[TUP quantity:114; profit:0.92][JCI quantity:7; profit:0.98][HPE quantity:32; profit:0.97]]
INFO:[2022-12-15 00:00:00] 0 interesting insider trades
INFO:[2022-12-16 00:00:00] Current P/L: $174.65006971359253, %103.49
INFO:[2022-12-16 00:00:00] Current holdings: [[TUP quantity:114; profit:0.92][JCI quantity:7; profit:0.95][HPE quantity:32; profit:0.96]]
INFO:[2022-12-16 00:00:00] 1 interesting insider trades
INFO:[2022-12-19 00:00:00] Current P/L: $168.46006178855896, %103.37
INFO:[2022-12-19 00:00:00] Current holdings: [[TUP quantity:114; profit:0.91][JCI quantity:7; profit:0.95][HPE quantity:32; profit:0.96]]
INFO:[2022-12-19 00:00:00] 2 interesting insider trades
INFO:[2022-12-19 00:00:00] buying IEX for 454.30999755859375
INFO:[2022-12-20 00:00:00] Current P/L: $135.54506587982178, %102.71
INFO:[2022-12-20 00:00:00] Current holdings: [[TUP quantity:114; profit:0.85][JCI quantity:7; profit:0.95][HPE quantity:32; profit:0.96][IEX quantity:2; profit:1.0]]
INFO:[2022-12-20 00:00:00] Selling asset [TUP] for $441.75. Profi: 0.8488499345954912
INFO:[2022-12-20 00:00:00] 0 interesting insider trades
INFO:[2022-12-21 00:00:00] Current P/L: $155.53006649017334, %103.11
INFO:[2022-12-21 00:00:00] Current holdings: [[JCI quantity:7; profit:0.96][HPE quantity:32; profit:0.97][IEX quantity:2; profit:1.02]]
INFO:[2022-12-21 00:00:00] Selling asset [IEX] for $462.05999755859375. Profi: 1.0170588365689672
INFO:[2022-12-21 00:00:00] 0 interesting insider trades
INFO:[2022-12-22 00:00:00] Current P/L: $151.09003925323486, %103.02
INFO:[2022-12-22 00:00:00] Current holdings: [[JCI quantity:7; profit:0.96][HPE quantity:32; profit:0.96]]
INFO:[2022-12-22 00:00:00] 0 interesting insider trades
INFO:[2022-12-23 00:00:00] Current P/L: $153.23506450653076, %103.06
INFO:[2022-12-23 00:00:00] Current holdings: [[JCI quantity:7; profit:0.96][HPE quantity:32; profit:0.97]]
INFO:[2022-12-23 00:00:00] 0 interesting insider trades
INFO:[2022-12-26 00:00:00] Current P/L: $-796.9149408340454, %84.06
INFO:[2022-12-26 00:00:00] Current holdings: [[JCI quantity:7; profit:1][HPE quantity:32; profit:1]]
INFO:[2022-12-26 00:00:00] 0 interesting insider trades
INFO:[2022-12-27 00:00:00] Current P/L: $157.80507946014404, %103.16
INFO:[2022-12-27 00:00:00] Current holdings: [[JCI quantity:7; profit:0.96][HPE quantity:32; profit:0.97]]
INFO:[2022-12-27 00:00:00] 0 interesting insider trades
INFO:[2022-12-28 00:00:00] Current P/L: $151.55506420135498, %103.03
INFO:[2022-12-28 00:00:00] Current holdings: [[JCI quantity:7; profit:0.96][HPE quantity:32; profit:0.97]]
INFO:[2022-12-28 00:00:00] Selling asset [JCI] for $446.9500160217285. Profi: 0.9577021755275749
INFO:[2022-12-28 00:00:00] 0 interesting insider trades
INFO:[2022-12-29 00:00:00] Current P/L: $153.47507762908936, %103.07
INFO:[2022-12-29 00:00:00] Current holdings: [[HPE quantity:32; profit:0.97]]
INFO:[2022-12-29 00:00:00] 1 interesting insider trades
INFO:[2022-12-30 00:00:00] Current P/L: $156.51507091522217, %103.13
INFO:[2022-12-30 00:00:00] Current holdings: [[HPE quantity:32; profit:0.98]]
INFO:[2022-12-30 00:00:00] 0 interesting insider trades
