2023-04-10 17:03:27,626 - simulator:83 - INFO - [2019-01-02 00:00:00] Current P/L: $0, %1.0
2023-04-10 17:03:27,627 - simulator:84 - INFO - [2019-01-02 00:00:00] Current holdings: []
2023-04-10 17:03:27,634 - simulator:126 - INFO - [2019-01-02 00:00:00] 4 interesting insider trades
2023-04-10 17:03:27,635 - simulator:133 - INFO - [2019-01-02 00:00:00] 2 unique tickers
2023-04-10 17:03:27,637 - simulator:83 - INFO - [2019-01-03 00:00:00] Current P/L: $0, %1.0
2023-04-10 17:03:27,638 - simulator:84 - INFO - [2019-01-03 00:00:00] Current holdings: []
2023-04-10 17:03:27,642 - simulator:126 - INFO - [2019-01-03 00:00:00] 13 interesting insider trades
2023-04-10 17:03:27,642 - simulator:133 - INFO - [2019-01-03 00:00:00] 6 unique tickers
2023-04-10 17:03:27,645 - simulator:155 - INFO - [2019-01-03 00:00:00] buying WDR for 17.79. Total: 53.37
2023-04-10 17:03:27,659 - simulator:155 - INFO - [2019-01-03 00:00:00] buying CRSP for 28.02. Total: 56.04
2023-04-10 17:03:27,668 - simulator:155 - INFO - [2019-01-03 00:00:00] buying HTA for 25.11. Total: 50.22
2023-04-10 17:03:27,674 - simulator:155 - INFO - [2019-01-03 00:00:00] buying OTLK for 0.5582. Total: 61.9602
2023-04-10 17:03:27,691 - simulator:83 - INFO - [2019-01-04 00:00:00] Current P/L: $11.019799999999123, %1.00220396
2023-04-10 17:03:27,700 - simulator:84 - INFO - [2019-01-04 00:00:00] Current holdings: [[WDR quantity:3; profit:1.01; value: 54][CRSP quantity:2; profit:1.08; value: 61][HTA quantity:2; profit:1.01; value: 50][OTLK quantity:111; profit:1.09; value: 68]]
2023-04-10 17:03:27,705 - simulator:105 - INFO - [2019-01-04 00:00:00] TARGET REACHED Selling asset [CRSP] for $60.54. Profit: 1.0802997858672376. Days Held: 1
2023-04-10 17:03:27,709 - simulator:105 - INFO - [2019-01-04 00:00:00] TARGET REACHED Selling asset [OTLK] for $67.71. Profit: 1.092798280186313. Days Held: 1
2023-04-10 17:03:27,725 - simulator:126 - INFO - [2019-01-04 00:00:00] 3 interesting insider trades
2023-04-10 17:03:27,727 - simulator:133 - INFO - [2019-01-04 00:00:00] 2 unique tickers
2023-04-10 17:03:27,741 - simulator:63 - INFO - [2019-01-05 00:00:00] Skipping weekend
2023-04-10 17:03:27,741 - simulator:63 - INFO - [2019-01-06 00:00:00] Skipping weekend
2023-04-10 17:03:27,751 - simulator:83 - INFO - [2019-01-07 00:00:00] Current P/L: $11.449799999999414, %1.00228996
2023-04-10 17:03:27,755 - simulator:84 - INFO - [2019-01-07 00:00:00] Current holdings: [[WDR quantity:3; profit:1.0; value: 53][HTA quantity:2; profit:1.02; value: 51]]
2023-04-10 17:03:27,773 - simulator:126 - INFO - [2019-01-07 00:00:00] 4 interesting insider trades
2023-04-10 17:03:27,773 - simulator:133 - INFO - [2019-01-07 00:00:00] 2 unique tickers
2023-04-10 17:03:27,792 - simulator:83 - INFO - [2019-01-08 00:00:00] Current P/L: $12.229799999999159, %1.0024459599999997
2023-04-10 17:03:27,799 - simulator:84 - INFO - [2019-01-08 00:00:00] Current holdings: [[WDR quantity:3; profit:1.0; value: 53][HTA quantity:2; profit:1.04; value: 52]]
2023-04-10 17:03:27,813 - simulator:126 - INFO - [2019-01-08 00:00:00] 0 interesting insider trades
2023-04-10 17:03:27,824 - simulator:83 - INFO - [2019-01-09 00:00:00] Current P/L: $11.729799999999159, %1.0023459599999998
2023-04-10 17:03:27,829 - simulator:84 - INFO - [2019-01-09 00:00:00] Current holdings: [[WDR quantity:3; profit:1.0; value: 53][HTA quantity:2; profit:1.03; value: 52]]
2023-04-10 17:03:27,857 - simulator:126 - INFO - [2019-01-09 00:00:00] 0 interesting insider trades
2023-04-10 17:03:27,870 - simulator:83 - INFO - [2019-01-10 00:00:00] Current P/L: $12.34979999999905, %1.0024699599999998
2023-04-10 17:03:27,877 - simulator:84 - INFO - [2019-01-10 00:00:00] Current holdings: [[WDR quantity:3; profit:1.0; value: 53][HTA quantity:2; profit:1.04; value: 52]]
2023-04-10 17:03:27,906 - simulator:126 - INFO - [2019-01-10 00:00:00] 1 interesting insider trades
2023-04-10 17:03:27,907 - simulator:133 - INFO - [2019-01-10 00:00:00] 1 unique tickers
2023-04-10 17:03:27,927 - simulator:83 - INFO - [2019-01-11 00:00:00] Current P/L: $10.329799999999523, %1.00206596
2023-04-10 17:03:27,934 - simulator:84 - INFO - [2019-01-11 00:00:00] Current holdings: [[WDR quantity:3; profit:0.95; value: 51][HTA quantity:2; profit:1.05; value: 53]]
2023-04-10 17:03:27,940 - simulator:105 - INFO - [2019-01-11 00:00:00] TARGET REACHED Selling asset [HTA] for $52.76. Profit: 1.0505774591796098. Days Held: 8
2023-04-10 17:03:27,957 - simulator:126 - INFO - [2019-01-11 00:00:00] 0 interesting insider trades
2023-04-10 17:03:27,957 - simulator:63 - INFO - [2019-01-12 00:00:00] Skipping weekend
2023-04-10 17:03:27,958 - simulator:63 - INFO - [2019-01-13 00:00:00] Skipping weekend
2023-04-10 17:03:27,967 - simulator:83 - INFO - [2019-01-14 00:00:00] Current P/L: $9.669799999999668, %1.00193396
2023-04-10 17:03:27,972 - simulator:84 - INFO - [2019-01-14 00:00:00] Current holdings: [[WDR quantity:3; profit:0.94; value: 50]]
2023-04-10 17:03:27,989 - simulator:126 - INFO - [2019-01-14 00:00:00] 1 interesting insider trades
2023-04-10 17:03:27,989 - simulator:133 - INFO - [2019-01-14 00:00:00] 1 unique tickers
2023-04-10 17:03:27,993 - simulator:146 - INFO - [2019-01-14 00:00:00] failed to get price for GLXZ
2023-04-10 17:03:28,003 - simulator:83 - INFO - [2019-01-15 00:00:00] Current P/L: $10.959799999999632, %1.00219196
2023-04-10 17:03:28,006 - simulator:84 - INFO - [2019-01-15 00:00:00] Current holdings: [[WDR quantity:3; profit:0.97; value: 52]]
2023-04-10 17:03:28,024 - simulator:126 - INFO - [2019-01-15 00:00:00] 3 interesting insider trades
2023-04-10 17:03:28,024 - simulator:133 - INFO - [2019-01-15 00:00:00] 1 unique tickers
2023-04-10 17:03:28,038 - simulator:83 - INFO - [2019-01-16 00:00:00] Current P/L: $12.189800000000105, %1.00243796
2023-04-10 17:03:28,041 - simulator:84 - INFO - [2019-01-16 00:00:00] Current holdings: [[WDR quantity:3; profit:0.99; value: 53]]
2023-04-10 17:03:28,061 - simulator:126 - INFO - [2019-01-16 00:00:00] 0 interesting insider trades
2023-04-10 17:03:28,068 - simulator:83 - INFO - [2019-01-17 00:00:00] Current P/L: $11.949799999999414, %1.00238996
2023-04-10 17:03:28,072 - simulator:84 - INFO - [2019-01-17 00:00:00] Current holdings: [[WDR quantity:3; profit:0.98; value: 53]]
2023-04-10 17:03:28,091 - simulator:126 - INFO - [2019-01-17 00:00:00] 4 interesting insider trades
2023-04-10 17:03:28,091 - simulator:133 - INFO - [2019-01-17 00:00:00] 3 unique tickers
2023-04-10 17:03:28,110 - simulator:83 - INFO - [2019-01-18 00:00:00] Current P/L: $12.96979999999985, %1.00259396
2023-04-10 17:03:28,117 - simulator:84 - INFO - [2019-01-18 00:00:00] Current holdings: [[WDR quantity:3; profit:1.0; value: 54]]
2023-04-10 17:03:28,135 - simulator:126 - INFO - [2019-01-18 00:00:00] 1 interesting insider trades
2023-04-10 17:03:28,136 - simulator:133 - INFO - [2019-01-18 00:00:00] 1 unique tickers
2023-04-10 17:03:28,139 - simulator:63 - INFO - [2019-01-19 00:00:00] Skipping weekend
2023-04-10 17:03:28,140 - simulator:63 - INFO - [2019-01-20 00:00:00] Skipping weekend
2023-04-10 17:03:28,140 - simulator:73 - INFO - [2019-01-21 00:00:00] Skipping invalid trade day True 
2023-04-10 17:03:28,144 - simulator:83 - INFO - [2019-01-22 00:00:00] Current P/L: $11.979800000000068, %1.00239596
2023-04-10 17:03:28,150 - simulator:84 - INFO - [2019-01-22 00:00:00] Current holdings: [[WDR quantity:3; profit:0.98; value: 53]]
2023-04-10 17:03:28,161 - simulator:126 - INFO - [2019-01-22 00:00:00] 13 interesting insider trades
2023-04-10 17:03:28,162 - simulator:133 - INFO - [2019-01-22 00:00:00] 2 unique tickers
2023-04-10 17:03:28,176 - simulator:83 - INFO - [2019-01-23 00:00:00] Current P/L: $11.559799999999996, %1.00231196
2023-04-10 17:03:28,181 - simulator:84 - INFO - [2019-01-23 00:00:00] Current holdings: [[WDR quantity:3; profit:0.98; value: 52]]
2023-04-10 17:03:28,193 - simulator:126 - INFO - [2019-01-23 00:00:00] 3 interesting insider trades
2023-04-10 17:03:28,194 - simulator:133 - INFO - [2019-01-23 00:00:00] 3 unique tickers
2023-04-10 17:03:28,210 - simulator:83 - INFO - [2019-01-24 00:00:00] Current P/L: $11.709799999999632, %1.0023419599999999
2023-04-10 17:03:28,215 - simulator:84 - INFO - [2019-01-24 00:00:00] Current holdings: [[WDR quantity:3; profit:0.98; value: 52]]
2023-04-10 17:03:28,234 - simulator:126 - INFO - [2019-01-24 00:00:00] 18 interesting insider trades
2023-04-10 17:03:28,235 - simulator:133 - INFO - [2019-01-24 00:00:00] 6 unique tickers
2023-04-10 17:03:28,243 - simulator:155 - INFO - [2019-01-24 00:00:00] buying TCF for 21.49. Total: 42.98
2023-04-10 17:03:28,257 - simulator:155 - INFO - [2019-01-24 00:00:00] buying UUUU for 2.72. Total: 62.56
2023-04-10 17:03:28,276 - simulator:155 - INFO - [2019-01-24 00:00:00] buying LXP for 9.15. Total: 54.900000000000006
2023-04-10 17:03:28,296 - simulator:83 - INFO - [2019-01-25 00:00:00] Current P/L: $17.33979999999974, %1.00346796
2023-04-10 17:03:28,306 - simulator:84 - INFO - [2019-01-25 00:00:00] Current holdings: [[WDR quantity:3; profit:0.99; value: 53][TCF quantity:2; profit:1.0; value: 43][UUUU quantity:23; profit:1.07; value: 67][LXP quantity:6; profit:1.01; value: 56]]
2023-04-10 17:03:28,314 - simulator:105 - INFO - [2019-01-25 00:00:00] TARGET REACHED Selling asset [UUUU] for $66.93. Profit: 1.0698529411764706. Days Held: 1
2023-04-10 17:03:28,338 - simulator:126 - INFO - [2019-01-25 00:00:00] 0 interesting insider trades
2023-04-10 17:03:28,339 - simulator:63 - INFO - [2019-01-26 00:00:00] Skipping weekend
2023-04-10 17:03:28,339 - simulator:63 - INFO - [2019-01-27 00:00:00] Skipping weekend
2023-04-10 17:03:28,354 - simulator:83 - INFO - [2019-01-28 00:00:00] Current P/L: $20.309799999999996, %1.00406196
2023-04-10 17:03:28,360 - simulator:84 - INFO - [2019-01-28 00:00:00] Current holdings: [[WDR quantity:3; profit:0.99; value: 53][TCF quantity:2; profit:1.06; value: 45][LXP quantity:6; profit:1.03; value: 56]]
2023-04-10 17:03:28,369 - simulator:105 - INFO - [2019-01-28 00:00:00] TARGET REACHED Selling asset [TCF] for $45.44. Profit: 1.0572359236854352. Days Held: 4
2023-04-10 17:03:28,389 - simulator:126 - INFO - [2019-01-28 00:00:00] 5 interesting insider trades
2023-04-10 17:03:28,389 - simulator:133 - INFO - [2019-01-28 00:00:00] 3 unique tickers
2023-04-10 17:03:28,435 - simulator:155 - INFO - [2019-01-28 00:00:00] buying YUM for 92.59. Total: 92.59
2023-04-10 17:03:28,472 - simulator:83 - INFO - [2019-01-29 00:00:00] Current P/L: $19.759799999999814, %1.00395196
2023-04-10 17:03:28,482 - simulator:84 - INFO - [2019-01-29 00:00:00] Current holdings: [[WDR quantity:3; profit:0.97; value: 52][LXP quantity:6; profit:1.03; value: 57][YUM quantity:1; profit:1.0; value: 93]]
2023-04-10 17:03:28,507 - simulator:126 - INFO - [2019-01-29 00:00:00] 16 interesting insider trades
2023-04-10 17:03:28,508 - simulator:133 - INFO - [2019-01-29 00:00:00] 3 unique tickers
2023-04-10 17:03:28,521 - simulator:155 - INFO - [2019-01-29 00:00:00] buying GPMT for 19.31. Total: 115.85999999999999
2023-04-10 17:03:28,548 - simulator:83 - INFO - [2019-01-30 00:00:00] Current P/L: $19.879800000000614, %1.0039759600000002
2023-04-10 17:03:28,557 - simulator:84 - INFO - [2019-01-30 00:00:00] Current holdings: [[WDR quantity:3; profit:0.95; value: 50][LXP quantity:6; profit:1.03; value: 57][YUM quantity:1; profit:1.01; value: 93][GPMT quantity:6; profit:1.0; value: 116]]
2023-04-10 17:03:28,592 - simulator:126 - INFO - [2019-01-30 00:00:00] 5 interesting insider trades
2023-04-10 17:03:28,594 - simulator:133 - INFO - [2019-01-30 00:00:00] 1 unique tickers
2023-04-10 17:03:28,616 - simulator:83 - INFO - [2019-01-31 00:00:00] Current P/L: $23.019800000000032, %1.00460396
2023-04-10 17:03:28,622 - simulator:84 - INFO - [2019-01-31 00:00:00] Current holdings: [[WDR quantity:3; profit:0.96; value: 51][LXP quantity:6; profit:1.05; value: 58][YUM quantity:1; profit:1.02; value: 94][GPMT quantity:6; profit:1.01; value: 117]]
2023-04-10 17:03:28,625 - simulator:105 - INFO - [2019-01-31 00:00:00] TARGET REACHED Selling asset [LXP] for $57.66. Profit: 1.0502732240437158. Days Held: 7
2023-04-10 17:03:28,652 - simulator:126 - INFO - [2019-01-31 00:00:00] 4 interesting insider trades
2023-04-10 17:03:28,653 - simulator:133 - INFO - [2019-01-31 00:00:00] 2 unique tickers
2023-04-10 17:03:28,683 - simulator:83 - INFO - [2019-02-01 00:00:00] Current P/L: $20.259799999999814, %1.00405196
2023-04-10 17:03:28,689 - simulator:84 - INFO - [2019-02-01 00:00:00] Current holdings: [[WDR quantity:3; profit:0.97; value: 52][YUM quantity:1; profit:1.02; value: 94][GPMT quantity:6; profit:0.98; value: 114]]
2023-04-10 17:03:28,715 - simulator:126 - INFO - [2019-02-01 00:00:00] 5 interesting insider trades
2023-04-10 17:03:28,716 - simulator:133 - INFO - [2019-02-01 00:00:00] 2 unique tickers
2023-04-10 17:03:28,727 - simulator:155 - INFO - [2019-02-01 00:00:00] buying ALLY for 26.24. Total: 183.67999999999998
2023-04-10 17:03:28,732 - simulator:63 - INFO - [2019-02-02 00:00:00] Skipping weekend
2023-04-10 17:03:28,732 - simulator:63 - INFO - [2019-02-03 00:00:00] Skipping weekend
2023-04-10 17:03:28,742 - simulator:83 - INFO - [2019-02-04 00:00:00] Current P/L: $22.459799999999632, %1.00449196
2023-04-10 17:03:28,753 - simulator:84 - INFO - [2019-02-04 00:00:00] Current holdings: [[WDR quantity:3; profit:0.97; value: 52][YUM quantity:1; profit:1.02; value: 95][GPMT quantity:6; profit:0.98; value: 114][ALLY quantity:7; profit:1.01; value: 186]]
2023-04-10 17:03:28,784 - simulator:126 - INFO - [2019-02-04 00:00:00] 11 interesting insider trades
2023-04-10 17:03:28,784 - simulator:133 - INFO - [2019-02-04 00:00:00] 6 unique tickers
2023-04-10 17:03:28,793 - simulator:155 - INFO - [2019-02-04 00:00:00] buying MINI for 36.41. Total: 36.41
2023-04-10 17:03:28,818 - simulator:155 - INFO - [2019-02-04 00:00:00] buying HTGC for 13.11. Total: 52.44
2023-04-10 17:03:28,832 - simulator:155 - INFO - [2019-02-04 00:00:00] buying NI for 26.23. Total: 52.46
2023-04-10 17:03:28,848 - simulator:155 - INFO - [2019-02-04 00:00:00] buying CBB for 8.32. Total: 58.24
2023-04-10 17:03:28,866 - simulator:155 - INFO - [2019-02-04 00:00:00] buying WRK for 38.0. Total: 38.0
2023-04-10 17:03:28,903 - simulator:83 - INFO - [2019-02-05 00:00:00] Current P/L: $24.21980000000076, %1.00484396
2023-04-10 17:03:28,922 - simulator:84 - INFO - [2019-02-05 00:00:00] Current holdings: [[WDR quantity:3; profit:0.97; value: 52][YUM quantity:1; profit:1.02; value: 94][GPMT quantity:6; profit:0.98; value: 113][ALLY quantity:7; profit:1.01; value: 186][MINI quantity:1; profit:1.01; value: 37][HTGC quantity:4; profit:1.01; value: 53][NI quantity:2; profit:1.01; value: 53][CBB quantity:7; profit:1.0; value: 58][WRK quantity:1; profit:1.01; value: 38]]
2023-04-10 17:03:28,985 - simulator:126 - INFO - [2019-02-05 00:00:00] 31 interesting insider trades
2023-04-10 17:03:28,986 - simulator:133 - INFO - [2019-02-05 00:00:00] 8 unique tickers
2023-04-10 17:03:29,035 - simulator:155 - INFO - [2019-02-05 00:00:00] buying OTLK for 0.7682. Total: 46.8602
2023-04-10 17:03:29,097 - simulator:155 - INFO - [2019-02-05 00:00:00] buying WRK for 38.26. Total: 38.26
2023-04-10 17:03:29,148 - simulator:83 - INFO - [2019-02-06 00:00:00] Current P/L: $29.71010000000024, %1.00594202
2023-04-10 17:03:29,163 - simulator:84 - INFO - [2019-02-06 00:00:00] Current holdings: [[WDR quantity:3; profit:0.98; value: 52][OTLK quantity:61; profit:1.09; value: 51][YUM quantity:1; profit:1.02; value: 95][GPMT quantity:6; profit:0.98; value: 113][ALLY quantity:7; profit:1.01; value: 186][MINI quantity:1; profit:1.02; value: 37][HTGC quantity:4; profit:1.0; value: 52][NI quantity:2; profit:1.0; value: 53][CBB quantity:7; profit:1.01; value: 59][WRK quantity:1; profit:1.02; value: 39][WRK quantity:1; profit:1.01; value: 39]]
2023-04-10 17:03:29,169 - simulator:105 - INFO - [2019-02-06 00:00:00] TARGET REACHED Selling asset [OTLK] for $51.2705. Profit: 1.0941161155948973. Days Held: 1
2023-04-10 17:03:29,224 - simulator:126 - INFO - [2019-02-06 00:00:00] 13 interesting insider trades
2023-04-10 17:03:29,225 - simulator:133 - INFO - [2019-02-06 00:00:00] 2 unique tickers
2023-04-10 17:03:29,247 - simulator:155 - INFO - [2019-02-06 00:00:00] buying LLY for 119.27. Total: 119.27
2023-04-10 17:03:29,264 - simulator:155 - INFO - [2019-02-06 00:00:00] buying UMPQ for 17.65. Total: 176.5
2023-04-10 17:03:29,308 - simulator:83 - INFO - [2019-02-07 00:00:00] Current P/L: $26.190099999998893, %1.0052380199999997
2023-04-10 17:03:29,328 - simulator:84 - INFO - [2019-02-07 00:00:00] Current holdings: [[WDR quantity:3; profit:0.98; value: 52][YUM quantity:1; profit:1.02; value: 95][GPMT quantity:6; profit:0.98; value: 114][ALLY quantity:7; profit:1.0; value: 185][MINI quantity:1; profit:1.0; value: 36][HTGC quantity:4; profit:0.99; value: 52][NI quantity:2; profit:1.01; value: 53][CBB quantity:7; profit:1.0; value: 58][WRK quantity:1; profit:1.0; value: 38][WRK quantity:1; profit:0.99; value: 38][LLY quantity:1; profit:0.99; value: 118][UMPQ quantity:10; profit:1.01; value: 178]]
2023-04-10 17:03:29,405 - simulator:126 - INFO - [2019-02-07 00:00:00] 10 interesting insider trades
2023-04-10 17:03:29,406 - simulator:133 - INFO - [2019-02-07 00:00:00] 2 unique tickers
2023-04-10 17:03:29,451 - simulator:155 - INFO - [2019-02-07 00:00:00] buying PSX for 91.74. Total: 183.48
2023-04-10 17:03:29,485 - simulator:83 - INFO - [2019-02-08 00:00:00] Current P/L: $27.39009999999962, %1.00547802
2023-04-10 17:03:29,504 - simulator:84 - INFO - [2019-02-08 00:00:00] Current holdings: [[WDR quantity:3; profit:0.95; value: 51][YUM quantity:1; profit:1.02; value: 94][GPMT quantity:6; profit:0.98; value: 113][ALLY quantity:7; profit:1.01; value: 185][MINI quantity:1; profit:1.01; value: 37][HTGC quantity:4; profit:1.0; value: 52][NI quantity:2; profit:1.01; value: 53][CBB quantity:7; profit:1.0; value: 58][WRK quantity:1; profit:1.0; value: 38][WRK quantity:1; profit:0.99; value: 38][LLY quantity:1; profit:1.0; value: 120][UMPQ quantity:10; profit:0.99; value: 175][PSX quantity:2; profit:1.02; value: 187]]
2023-04-10 17:03:29,576 - simulator:126 - INFO - [2019-02-08 00:00:00] 7 interesting insider trades
2023-04-10 17:03:29,578 - simulator:133 - INFO - [2019-02-08 00:00:00] 4 unique tickers
2023-04-10 17:03:29,594 - simulator:155 - INFO - [2019-02-08 00:00:00] buying LPX for 23.91. Total: 71.73
2023-04-10 17:03:29,654 - simulator:63 - INFO - [2019-02-09 00:00:00] Skipping weekend
2023-04-10 17:03:29,655 - simulator:63 - INFO - [2019-02-10 00:00:00] Skipping weekend
2023-04-10 17:03:29,692 - simulator:83 - INFO - [2019-02-11 00:00:00] Current P/L: $30.130099999999402, %1.00602602
2023-04-10 17:03:29,718 - simulator:84 - INFO - [2019-02-11 00:00:00] Current holdings: [[WDR quantity:3; profit:1.0; value: 53][YUM quantity:1; profit:1.01; value: 93][GPMT quantity:6; profit:0.98; value: 114][ALLY quantity:7; profit:1.01; value: 185][MINI quantity:1; profit:1.0; value: 36][HTGC quantity:4; profit:0.99; value: 52][NI quantity:2; profit:1.01; value: 53][CBB quantity:7; profit:1.0; value: 58][WRK quantity:1; profit:0.99; value: 38][WRK quantity:1; profit:0.98; value: 38][LLY quantity:1; profit:0.99; value: 118][UMPQ quantity:10; profit:1.0; value: 177][PSX quantity:2; profit:1.03; value: 188][LPX quantity:3; profit:1.0; value: 72]]
2023-04-10 17:03:29,790 - simulator:126 - INFO - [2019-02-11 00:00:00] 15 interesting insider trades
2023-04-10 17:03:29,790 - simulator:133 - INFO - [2019-02-11 00:00:00] 4 unique tickers
2023-04-10 17:03:29,817 - simulator:155 - INFO - [2019-02-11 00:00:00] buying SAIA for 65.41. Total: 65.41
