2023-02-08 15:18:42,567 - Portfolio:14 - INFO - Initialized!
2023-02-08 15:18:43,782 - Portfolio:37 - INFO - On 2020-01-20 00:00:00 val of HPP was None
2023-02-08 15:18:45,153 - Portfolio:37 - INFO - On 2020-01-20 00:00:00 val of HTA was None
2023-02-08 15:18:46,582 - Portfolio:37 - INFO - On 2020-01-20 00:00:00 val of ASGN was None
2023-02-08 15:18:47,622 - Portfolio:37 - INFO - On 2020-01-20 00:00:00 val of SGMD was None
2023-02-08 15:18:48,955 - Portfolio:37 - INFO - On 2020-01-20 00:00:00 val of LXP was None
2023-02-08 15:18:50,301 - Portfolio:37 - INFO - On 2020-01-20 00:00:00 val of WRI was None
2023-02-08 15:18:51,732 - Portfolio:37 - INFO - On 2020-01-20 00:00:00 val of HTGC was None
2023-02-08 15:18:51,736 - Portfolio:37 - INFO - On 2020-01-20 00:00:00 val of HPP was None
2023-02-08 15:18:51,737 - Portfolio:37 - INFO - On 2020-01-20 00:00:00 val of HTA was None
2023-02-08 15:18:51,739 - Portfolio:37 - INFO - On 2020-01-20 00:00:00 val of ASGN was None
2023-02-08 15:18:51,739 - Portfolio:37 - INFO - On 2020-01-20 00:00:00 val of SGMD was None
2023-02-08 15:18:51,740 - Portfolio:37 - INFO - On 2020-01-20 00:00:00 val of LXP was None
2023-02-08 15:18:51,741 - Portfolio:37 - INFO - On 2020-01-20 00:00:00 val of WRI was None
2023-02-08 15:18:51,743 - Portfolio:37 - INFO - On 2020-01-20 00:00:00 val of HTGC was None
2023-02-08 15:18:51,754 - Portfolio:37 - INFO - On 2020-01-20 00:00:00 val of HPP was None
2023-02-08 15:18:51,756 - Portfolio:37 - INFO - On 2020-01-20 00:00:00 val of HTA was None
2023-02-08 15:18:51,757 - Portfolio:37 - INFO - On 2020-01-20 00:00:00 val of ASGN was None
2023-02-08 15:18:51,758 - Portfolio:37 - INFO - On 2020-01-20 00:00:00 val of SGMD was None
2023-02-08 15:18:51,760 - Portfolio:37 - INFO - On 2020-01-20 00:00:00 val of LXP was None
2023-02-08 15:18:51,762 - Portfolio:37 - INFO - On 2020-01-20 00:00:00 val of WRI was None
2023-02-08 15:18:51,762 - Portfolio:37 - INFO - On 2020-01-20 00:00:00 val of HTGC was None
2023-02-08 15:18:51,763 - Portfolio:37 - INFO - On 2020-01-20 00:00:00 val of HPP was None
2023-02-08 15:18:51,764 - Portfolio:37 - INFO - On 2020-01-20 00:00:00 val of HTA was None
2023-02-08 15:18:51,765 - Portfolio:37 - INFO - On 2020-01-20 00:00:00 val of ASGN was None
2023-02-08 15:18:51,765 - Portfolio:37 - INFO - On 2020-01-20 00:00:00 val of SGMD was None
2023-02-08 15:18:51,766 - Portfolio:37 - INFO - On 2020-01-20 00:00:00 val of LXP was None
2023-02-08 15:18:51,767 - Portfolio:37 - INFO - On 2020-01-20 00:00:00 val of WRI was None
2023-02-08 15:18:51,768 - Portfolio:37 - INFO - On 2020-01-20 00:00:00 val of HTGC was None
2023-02-08 15:18:51,770 - Portfolio:37 - INFO - On 2020-01-20 00:00:00 val of HPP was None
2023-02-08 15:18:51,771 - Portfolio:37 - INFO - On 2020-01-20 00:00:00 val of HTA was None
2023-02-08 15:18:51,772 - Portfolio:37 - INFO - On 2020-01-20 00:00:00 val of ASGN was None
2023-02-08 15:18:51,774 - Portfolio:37 - INFO - On 2020-01-20 00:00:00 val of SGMD was None
2023-02-08 15:18:51,776 - Portfolio:37 - INFO - On 2020-01-20 00:00:00 val of LXP was None
2023-02-08 15:18:51,778 - Portfolio:37 - INFO - On 2020-01-20 00:00:00 val of WRI was None
2023-02-08 15:18:51,778 - Portfolio:37 - INFO - On 2020-01-20 00:00:00 val of HTGC was None
2023-02-08 15:18:51,786 - Portfolio:37 - INFO - On 2020-01-21 00:00:00 val of SGMD was None
2023-02-08 15:18:51,797 - Portfolio:37 - INFO - On 2020-01-21 00:00:00 val of SGMD was None
2023-02-08 15:18:51,820 - Portfolio:37 - INFO - On 2020-01-21 00:00:00 val of SGMD was None
2023-02-08 15:18:51,831 - Portfolio:37 - INFO - On 2020-01-21 00:00:00 val of SGMD was None
2023-02-08 15:18:51,844 - Portfolio:37 - INFO - On 2020-01-21 00:00:00 val of SGMD was None
2023-02-08 15:18:51,860 - Portfolio:37 - INFO - On 2020-01-21 00:00:00 val of SGMD was None
2023-02-08 15:18:51,869 - Portfolio:37 - INFO - On 2020-01-22 00:00:00 val of SGMD was None
2023-02-08 15:18:51,880 - Portfolio:37 - INFO - On 2020-01-22 00:00:00 val of SGMD was None
2023-02-08 15:18:51,905 - Portfolio:37 - INFO - On 2020-01-22 00:00:00 val of SGMD was None
2023-02-08 15:18:51,923 - Portfolio:37 - INFO - On 2020-01-22 00:00:00 val of SGMD was None
2023-02-08 15:18:51,947 - Portfolio:37 - INFO - On 2020-01-22 00:00:00 val of SGMD was None
2023-02-08 15:18:51,965 - Portfolio:37 - INFO - On 2020-01-22 00:00:00 val of SGMD was None
2023-02-08 15:18:51,982 - Portfolio:37 - INFO - On 2020-01-23 00:00:00 val of SGMD was None
2023-02-08 15:18:52,004 - Portfolio:37 - INFO - On 2020-01-23 00:00:00 val of SGMD was None
2023-02-08 15:18:52,070 - Portfolio:37 - INFO - On 2020-01-23 00:00:00 val of SGMD was None
2023-02-08 15:18:52,093 - Portfolio:37 - INFO - On 2020-01-23 00:00:00 val of SGMD was None
2023-02-08 15:18:52,114 - Portfolio:37 - INFO - On 2020-01-23 00:00:00 val of SGMD was None
2023-02-08 15:18:52,146 - Portfolio:37 - INFO - On 2020-01-23 00:00:00 val of SGMD was None
2023-02-08 15:18:52,180 - Portfolio:37 - INFO - On 2020-01-24 00:00:00 val of SGMD was None
2023-02-08 15:18:52,205 - Portfolio:37 - INFO - On 2020-01-24 00:00:00 val of SGMD was None
2023-02-08 15:18:52,275 - Portfolio:37 - INFO - On 2020-01-24 00:00:00 val of SGMD was None
2023-02-08 15:18:52,303 - Portfolio:37 - INFO - On 2020-01-24 00:00:00 val of SGMD was None
2023-02-08 15:18:52,332 - Portfolio:37 - INFO - On 2020-01-24 00:00:00 val of SGMD was None
2023-02-08 15:18:52,365 - Portfolio:37 - INFO - On 2020-01-24 00:00:00 val of SGMD was None
2023-02-08 15:18:52,392 - Portfolio:37 - INFO - On 2020-01-24 00:00:00 val of SGMD was None
2023-02-08 15:18:52,415 - Portfolio:37 - INFO - On 2020-01-27 00:00:00 val of SGMD was None
2023-02-08 15:18:52,436 - Portfolio:37 - INFO - On 2020-01-27 00:00:00 val of SGMD was None
2023-02-08 15:18:52,505 - Portfolio:37 - INFO - On 2020-01-27 00:00:00 val of SGMD was None
2023-02-08 15:18:52,535 - Portfolio:37 - INFO - On 2020-01-27 00:00:00 val of SGMD was None
2023-02-08 15:18:52,554 - Portfolio:37 - INFO - On 2020-01-27 00:00:00 val of SGMD was None
2023-02-08 15:18:52,583 - Portfolio:37 - INFO - On 2020-01-27 00:00:00 val of SGMD was None
2023-02-08 15:18:52,618 - Portfolio:37 - INFO - On 2020-01-27 00:00:00 val of SGMD was None
2023-02-08 15:18:52,648 - Portfolio:37 - INFO - On 2020-01-27 00:00:00 val of SGMD was None
2023-02-08 15:18:52,665 - Portfolio:37 - INFO - On 2020-01-28 00:00:00 val of SGMD was None
2023-02-08 15:18:52,681 - Portfolio:37 - INFO - On 2020-01-28 00:00:00 val of SGMD was None
2023-02-08 15:18:52,720 - Portfolio:37 - INFO - On 2020-01-28 00:00:00 val of SGMD was None
2023-02-08 15:18:52,736 - Portfolio:37 - INFO - On 2020-01-28 00:00:00 val of SGMD was None
2023-02-08 15:18:52,755 - Portfolio:37 - INFO - On 2020-01-28 00:00:00 val of SGMD was None
2023-02-08 15:18:52,778 - Portfolio:37 - INFO - On 2020-01-28 00:00:00 val of SGMD was None
2023-02-08 15:18:52,795 - Portfolio:37 - INFO - On 2020-01-29 00:00:00 val of SGMD was None
2023-02-08 15:18:52,811 - Portfolio:37 - INFO - On 2020-01-29 00:00:00 val of SGMD was None
2023-02-08 15:18:52,852 - Portfolio:37 - INFO - On 2020-01-29 00:00:00 val of SGMD was None
2023-02-08 15:18:52,872 - Portfolio:37 - INFO - On 2020-01-29 00:00:00 val of SGMD was None
2023-02-08 15:18:52,891 - Portfolio:37 - INFO - On 2020-01-29 00:00:00 val of SGMD was None
2023-02-08 15:18:52,917 - Portfolio:37 - INFO - On 2020-01-29 00:00:00 val of SGMD was None
2023-02-08 15:18:52,949 - Portfolio:37 - INFO - On 2020-01-29 00:00:00 val of SGMD was None
2023-02-08 15:18:53,004 - Portfolio:37 - INFO - On 2020-01-30 00:00:00 val of SGMD was None
2023-02-08 15:18:53,042 - Portfolio:37 - INFO - On 2020-01-30 00:00:00 val of SGMD was None
2023-02-08 15:18:53,114 - Portfolio:37 - INFO - On 2020-01-30 00:00:00 val of SGMD was None
2023-02-08 15:18:53,154 - Portfolio:37 - INFO - On 2020-01-30 00:00:00 val of SGMD was None
2023-02-08 15:18:53,190 - Portfolio:37 - INFO - On 2020-01-30 00:00:00 val of SGMD was None
2023-02-08 15:18:53,225 - Portfolio:37 - INFO - On 2020-01-30 00:00:00 val of SGMD was None
2023-02-08 15:18:53,266 - Portfolio:37 - INFO - On 2020-01-30 00:00:00 val of SGMD was None
2023-02-08 15:18:53,309 - Portfolio:37 - INFO - On 2020-01-30 00:00:00 val of SGMD was None
2023-02-08 15:18:53,345 - Portfolio:37 - INFO - On 2020-01-31 00:00:00 val of SGMD was None
2023-02-08 15:18:53,372 - Portfolio:37 - INFO - On 2020-01-31 00:00:00 val of SGMD was None
2023-02-08 15:18:53,413 - Portfolio:37 - INFO - On 2020-01-31 00:00:00 val of SGMD was None
2023-02-08 15:18:53,430 - Portfolio:37 - INFO - On 2020-01-31 00:00:00 val of SGMD was None
2023-02-08 15:18:53,445 - Portfolio:37 - INFO - On 2020-01-31 00:00:00 val of SGMD was None
2023-02-08 15:18:53,464 - Portfolio:37 - INFO - On 2020-01-31 00:00:00 val of SGMD was None
2023-02-08 15:18:53,485 - Portfolio:37 - INFO - On 2020-02-03 00:00:00 val of SGMD was None
2023-02-08 15:18:53,510 - Portfolio:37 - INFO - On 2020-02-03 00:00:00 val of SGMD was None
2023-02-08 15:18:53,592 - Portfolio:37 - INFO - On 2020-02-03 00:00:00 val of SGMD was None
2023-02-08 15:18:53,618 - Portfolio:37 - INFO - On 2020-02-03 00:00:00 val of SGMD was None
2023-02-08 15:18:53,650 - Portfolio:37 - INFO - On 2020-02-03 00:00:00 val of SGMD was None
2023-02-08 15:18:53,682 - Portfolio:37 - INFO - On 2020-02-03 00:00:00 val of SGMD was None
2023-02-08 15:18:53,699 - Portfolio:37 - INFO - On 2020-02-03 00:00:00 val of SGMD was None
2023-02-08 15:18:53,718 - Portfolio:37 - INFO - On 2020-02-04 00:00:00 val of SGMD was None
2023-02-08 15:18:53,740 - Portfolio:37 - INFO - On 2020-02-04 00:00:00 val of SGMD was None
2023-02-08 15:18:53,785 - Portfolio:37 - INFO - On 2020-02-04 00:00:00 val of SGMD was None
2023-02-08 15:18:53,808 - Portfolio:37 - INFO - On 2020-02-04 00:00:00 val of SGMD was None
2023-02-08 15:18:53,832 - Portfolio:37 - INFO - On 2020-02-04 00:00:00 val of SGMD was None
2023-02-08 15:18:53,856 - Portfolio:37 - INFO - On 2020-02-04 00:00:00 val of SGMD was None
2023-02-08 15:18:53,875 - Portfolio:37 - INFO - On 2020-02-04 00:00:00 val of SGMD was None
2023-02-08 15:18:53,900 - Portfolio:37 - INFO - On 2020-02-04 00:00:00 val of SGMD was None
2023-02-08 15:18:53,926 - Portfolio:37 - INFO - On 2020-02-05 00:00:00 val of SGMD was None
2023-02-08 15:18:53,963 - Portfolio:37 - INFO - On 2020-02-05 00:00:00 val of SGMD was None
2023-02-08 15:18:54,051 - Portfolio:37 - INFO - On 2020-02-05 00:00:00 val of SGMD was None
2023-02-08 15:18:54,083 - Portfolio:37 - INFO - On 2020-02-05 00:00:00 val of SGMD was None
2023-02-08 15:18:54,134 - Portfolio:37 - INFO - On 2020-02-05 00:00:00 val of SGMD was None
2023-02-08 15:18:54,181 - Portfolio:37 - INFO - On 2020-02-05 00:00:00 val of SGMD was None
2023-02-08 15:18:54,218 - Portfolio:37 - INFO - On 2020-02-05 00:00:00 val of SGMD was None
2023-02-08 15:18:54,242 - Portfolio:37 - INFO - On 2020-02-06 00:00:00 val of SGMD was None
2023-02-08 15:18:54,259 - Portfolio:37 - INFO - On 2020-02-06 00:00:00 val of SGMD was None
2023-02-08 15:18:54,304 - Portfolio:37 - INFO - On 2020-02-06 00:00:00 val of SGMD was None
2023-02-08 15:18:54,333 - Portfolio:37 - INFO - On 2020-02-06 00:00:00 val of SGMD was None
2023-02-08 15:18:54,359 - Portfolio:37 - INFO - On 2020-02-06 00:00:00 val of SGMD was None
2023-02-08 15:18:54,382 - Portfolio:37 - INFO - On 2020-02-06 00:00:00 val of SGMD was None
2023-02-08 15:18:54,406 - Portfolio:37 - INFO - On 2020-02-06 00:00:00 val of SGMD was None
2023-02-08 15:18:54,439 - Portfolio:37 - INFO - On 2020-02-06 00:00:00 val of SGMD was None
2023-02-08 15:18:54,461 - Portfolio:37 - INFO - On 2020-02-07 00:00:00 val of SGMD was None
2023-02-08 15:18:54,481 - Portfolio:37 - INFO - On 2020-02-07 00:00:00 val of SGMD was None
2023-02-08 15:18:54,522 - Portfolio:37 - INFO - On 2020-02-07 00:00:00 val of SGMD was None
2023-02-08 15:18:54,541 - Portfolio:37 - INFO - On 2020-02-07 00:00:00 val of SGMD was None
2023-02-08 15:18:54,563 - Portfolio:37 - INFO - On 2020-02-07 00:00:00 val of SGMD was None
2023-02-08 15:18:54,588 - Portfolio:37 - INFO - On 2020-02-07 00:00:00 val of SGMD was None
2023-02-08 15:18:54,616 - Portfolio:37 - INFO - On 2020-02-07 00:00:00 val of SGMD was None
2023-02-08 15:18:54,643 - Portfolio:37 - INFO - On 2020-02-07 00:00:00 val of SGMD was None
2023-02-08 15:18:54,674 - Portfolio:37 - INFO - On 2020-02-10 00:00:00 val of SGMD was None
2023-02-08 15:18:54,698 - Portfolio:37 - INFO - On 2020-02-10 00:00:00 val of SGMD was None
2023-02-08 15:18:54,751 - Portfolio:37 - INFO - On 2020-02-10 00:00:00 val of SGMD was None
2023-02-08 15:18:54,776 - Portfolio:37 - INFO - On 2020-02-10 00:00:00 val of SGMD was None
2023-02-08 15:18:54,798 - Portfolio:37 - INFO - On 2020-02-10 00:00:00 val of SGMD was None
2023-02-08 15:18:54,831 - Portfolio:37 - INFO - On 2020-02-10 00:00:00 val of SGMD was None
2023-02-08 15:18:54,859 - Portfolio:37 - INFO - On 2020-02-10 00:00:00 val of SGMD was None
2023-02-08 15:18:54,884 - Portfolio:37 - INFO - On 2020-02-11 00:00:00 val of SGMD was None
2023-02-08 15:18:54,934 - Portfolio:37 - INFO - On 2020-02-11 00:00:00 val of SGMD was None
2023-02-08 15:18:55,069 - Portfolio:37 - INFO - On 2020-02-11 00:00:00 val of SGMD was None
2023-02-08 15:18:55,131 - Portfolio:37 - INFO - On 2020-02-11 00:00:00 val of SGMD was None
2023-02-08 15:18:55,179 - Portfolio:37 - INFO - On 2020-02-11 00:00:00 val of SGMD was None
2023-02-08 15:18:55,243 - Portfolio:37 - INFO - On 2020-02-11 00:00:00 val of SGMD was None
2023-02-08 15:18:55,291 - Portfolio:37 - INFO - On 2020-02-12 00:00:00 val of SGMD was None
2023-02-08 15:18:55,328 - Portfolio:37 - INFO - On 2020-02-12 00:00:00 val of SGMD was None
2023-02-08 15:18:55,376 - Portfolio:37 - INFO - On 2020-02-12 00:00:00 val of SGMD was None
2023-02-08 15:18:55,397 - Portfolio:37 - INFO - On 2020-02-12 00:00:00 val of SGMD was None
2023-02-08 15:18:55,423 - Portfolio:37 - INFO - On 2020-02-12 00:00:00 val of SGMD was None
2023-02-08 15:18:55,452 - Portfolio:37 - INFO - On 2020-02-12 00:00:00 val of SGMD was None
2023-02-08 15:18:55,477 - Portfolio:37 - INFO - On 2020-02-12 00:00:00 val of SGMD was None
2023-02-08 15:18:55,500 - Portfolio:37 - INFO - On 2020-02-12 00:00:00 val of SGMD was None
2023-02-08 15:18:55,531 - Portfolio:37 - INFO - On 2020-02-13 00:00:00 val of SGMD was None
2023-02-08 15:18:55,563 - Portfolio:37 - INFO - On 2020-02-13 00:00:00 val of SGMD was None
2023-02-08 15:18:55,618 - Portfolio:37 - INFO - On 2020-02-13 00:00:00 val of SGMD was None
2023-02-08 15:18:55,654 - Portfolio:37 - INFO - On 2020-02-13 00:00:00 val of SGMD was None
2023-02-08 15:18:55,683 - Portfolio:37 - INFO - On 2020-02-13 00:00:00 val of SGMD was None
2023-02-08 15:18:55,715 - Portfolio:37 - INFO - On 2020-02-13 00:00:00 val of SGMD was None
2023-02-08 15:18:55,744 - Portfolio:37 - INFO - On 2020-02-13 00:00:00 val of SGMD was None
2023-02-08 15:18:55,770 - Portfolio:37 - INFO - On 2020-02-13 00:00:00 val of SGMD was None
2023-02-08 15:18:55,796 - Portfolio:37 - INFO - On 2020-02-13 00:00:00 val of SGMD was None
2023-02-08 15:18:55,819 - Portfolio:37 - INFO - On 2020-02-14 00:00:00 val of SGMD was None
2023-02-08 15:18:55,847 - Portfolio:37 - INFO - On 2020-02-14 00:00:00 val of SGMD was None
2023-02-08 15:18:55,910 - Portfolio:37 - INFO - On 2020-02-14 00:00:00 val of SGMD was None
2023-02-08 15:18:55,935 - Portfolio:37 - INFO - On 2020-02-14 00:00:00 val of SGMD was None
2023-02-08 15:18:55,965 - Portfolio:37 - INFO - On 2020-02-14 00:00:00 val of SGMD was None
2023-02-08 15:18:55,990 - Portfolio:37 - INFO - On 2020-02-14 00:00:00 val of SGMD was None
2023-02-08 15:18:56,020 - Portfolio:37 - INFO - On 2020-02-14 00:00:00 val of SGMD was None
2023-02-08 15:18:57,420 - Portfolio:37 - INFO - On 2020-02-18 00:00:00 val of SGMD was None
2023-02-08 15:18:57,453 - Portfolio:37 - INFO - On 2020-02-18 00:00:00 val of SGMD was None
2023-02-08 15:18:57,507 - Portfolio:37 - INFO - On 2020-02-18 00:00:00 val of SGMD was None
2023-02-08 15:18:57,528 - Portfolio:37 - INFO - On 2020-02-18 00:00:00 val of SGMD was None
2023-02-08 15:18:57,554 - Portfolio:37 - INFO - On 2020-02-18 00:00:00 val of SGMD was None
2023-02-08 15:18:57,583 - Portfolio:37 - INFO - On 2020-02-18 00:00:00 val of SGMD was None
2023-02-08 15:18:57,614 - Portfolio:37 - INFO - On 2020-02-18 00:00:00 val of SGMD was None
2023-02-08 15:18:57,641 - Portfolio:37 - INFO - On 2020-02-18 00:00:00 val of SGMD was None
2023-02-08 15:18:59,038 - Portfolio:37 - INFO - On 2020-02-18 00:00:00 val of SGMD was None
2023-02-08 15:19:00,142 - Portfolio:37 - INFO - On 2020-02-18 00:00:00 val of SGMD was None
2023-02-08 15:19:00,193 - Portfolio:37 - INFO - On 2020-02-18 00:00:00 val of SGMD was None
2023-02-08 15:19:00,225 - Portfolio:37 - INFO - On 2020-02-18 00:00:00 val of SGMD was None
2023-02-08 15:19:01,616 - Portfolio:37 - INFO - On 2020-02-18 00:00:00 val of SGMD was None
