2023-02-08 15:18:43,331 - price_lookup:92 - INFO - [2020-01-20 00:00:00] Cache miss on HPP 2020-01-20 00:00:00. False 0
2023-02-08 15:18:43,783 - price_lookup:92 - INFO - [2020-01-20 00:00:00] Cache miss on HTA 2020-01-20 00:00:00. False 0
2023-02-08 15:18:45,155 - price_lookup:92 - INFO - [2020-01-20 00:00:00] Cache miss on ASGN 2020-01-20 00:00:00. False 0
2023-02-08 15:18:46,582 - price_lookup:92 - INFO - [2020-01-20 00:00:00] Cache miss on SGMD 2020-01-20 00:00:00. False 0
2023-02-08 15:18:47,621 - price_lookup:210 - WARNING - Got empty response for ticker SGMD from URL from resonse: {} 
2023-02-08 15:18:47,622 - price_lookup:96 - INFO - [2020-01-20 00:00:00] Blacklisting SGMD. Blacklist: ["SGMD"]
2023-02-08 15:18:47,623 - price_lookup:92 - INFO - [2020-01-20 00:00:00] Cache miss on LXP 2020-01-20 00:00:00. False 0
2023-02-08 15:18:48,956 - price_lookup:92 - INFO - [2020-01-20 00:00:00] Cache miss on WRI 2020-01-20 00:00:00. False 0
2023-02-08 15:18:50,301 - price_lookup:92 - INFO - [2020-01-20 00:00:00] Cache miss on HTGC 2020-01-20 00:00:00. False 0
2023-02-08 15:18:51,739 - price_lookup:82 - INFO - [2020-01-20 00:00:00] Black listed ticker
2023-02-08 15:18:51,748 - price_lookup:82 - INFO - [2020-01-20 00:00:00] Black listed ticker
2023-02-08 15:18:51,751 - price_lookup:82 - INFO - [2020-01-20 00:00:00] Black listed ticker
2023-02-08 15:18:51,757 - price_lookup:82 - INFO - [2020-01-20 00:00:00] Black listed ticker
2023-02-08 15:18:51,765 - price_lookup:82 - INFO - [2020-01-20 00:00:00] Black listed ticker
2023-02-08 15:18:51,773 - price_lookup:82 - INFO - [2020-01-20 00:00:00] Black listed ticker
2023-02-08 15:18:51,786 - price_lookup:82 - INFO - [2020-01-21 00:00:00] Black listed ticker
2023-02-08 15:18:51,797 - price_lookup:82 - INFO - [2020-01-21 00:00:00] Black listed ticker
2023-02-08 15:18:51,803 - price_lookup:82 - INFO - [2020-01-21 00:00:00] Black listed ticker
2023-02-08 15:18:51,812 - price_lookup:82 - INFO - [2020-01-21 00:00:00] Black listed ticker
2023-02-08 15:18:51,820 - price_lookup:82 - INFO - [2020-01-21 00:00:00] Black listed ticker
2023-02-08 15:18:51,831 - price_lookup:82 - INFO - [2020-01-21 00:00:00] Black listed ticker
2023-02-08 15:18:51,843 - price_lookup:82 - INFO - [2020-01-21 00:00:00] Black listed ticker
2023-02-08 15:18:51,860 - price_lookup:82 - INFO - [2020-01-21 00:00:00] Black listed ticker
2023-02-08 15:18:51,869 - price_lookup:82 - INFO - [2020-01-22 00:00:00] Black listed ticker
2023-02-08 15:18:51,880 - price_lookup:82 - INFO - [2020-01-22 00:00:00] Black listed ticker
2023-02-08 15:18:51,886 - price_lookup:82 - INFO - [2020-01-22 00:00:00] Black listed ticker
2023-02-08 15:18:51,896 - price_lookup:82 - INFO - [2020-01-22 00:00:00] Black listed ticker
2023-02-08 15:18:51,905 - price_lookup:82 - INFO - [2020-01-22 00:00:00] Black listed ticker
2023-02-08 15:18:51,922 - price_lookup:82 - INFO - [2020-01-22 00:00:00] Black listed ticker
2023-02-08 15:18:51,947 - price_lookup:82 - INFO - [2020-01-22 00:00:00] Black listed ticker
2023-02-08 15:18:51,965 - price_lookup:82 - INFO - [2020-01-22 00:00:00] Black listed ticker
2023-02-08 15:18:51,982 - price_lookup:82 - INFO - [2020-01-23 00:00:00] Black listed ticker
2023-02-08 15:18:52,004 - price_lookup:82 - INFO - [2020-01-23 00:00:00] Black listed ticker
2023-02-08 15:18:52,027 - price_lookup:82 - INFO - [2020-01-23 00:00:00] Black listed ticker
2023-02-08 15:18:52,044 - price_lookup:82 - INFO - [2020-01-23 00:00:00] Black listed ticker
2023-02-08 15:18:52,070 - price_lookup:82 - INFO - [2020-01-23 00:00:00] Black listed ticker
2023-02-08 15:18:52,092 - price_lookup:82 - INFO - [2020-01-23 00:00:00] Black listed ticker
2023-02-08 15:18:52,113 - price_lookup:82 - INFO - [2020-01-23 00:00:00] Black listed ticker
2023-02-08 15:18:52,145 - price_lookup:82 - INFO - [2020-01-23 00:00:00] Black listed ticker
2023-02-08 15:18:52,180 - price_lookup:82 - INFO - [2020-01-24 00:00:00] Black listed ticker
2023-02-08 15:18:52,204 - price_lookup:82 - INFO - [2020-01-24 00:00:00] Black listed ticker
2023-02-08 15:18:52,232 - price_lookup:82 - INFO - [2020-01-24 00:00:00] Black listed ticker
2023-02-08 15:18:52,255 - price_lookup:82 - INFO - [2020-01-24 00:00:00] Black listed ticker
2023-02-08 15:18:52,275 - price_lookup:82 - INFO - [2020-01-24 00:00:00] Black listed ticker
2023-02-08 15:18:52,303 - price_lookup:82 - INFO - [2020-01-24 00:00:00] Black listed ticker
2023-02-08 15:18:52,332 - price_lookup:82 - INFO - [2020-01-24 00:00:00] Black listed ticker
2023-02-08 15:18:52,364 - price_lookup:82 - INFO - [2020-01-24 00:00:00] Black listed ticker
2023-02-08 15:18:52,391 - price_lookup:82 - INFO - [2020-01-24 00:00:00] Black listed ticker
2023-02-08 15:18:52,414 - price_lookup:82 - INFO - [2020-01-27 00:00:00] Black listed ticker
2023-02-08 15:18:52,435 - price_lookup:82 - INFO - [2020-01-27 00:00:00] Black listed ticker
2023-02-08 15:18:52,464 - price_lookup:82 - INFO - [2020-01-27 00:00:00] Black listed ticker
2023-02-08 15:18:52,483 - price_lookup:82 - INFO - [2020-01-27 00:00:00] Black listed ticker
2023-02-08 15:18:52,504 - price_lookup:82 - INFO - [2020-01-27 00:00:00] Black listed ticker
2023-02-08 15:18:52,534 - price_lookup:82 - INFO - [2020-01-27 00:00:00] Black listed ticker
2023-02-08 15:18:52,553 - price_lookup:82 - INFO - [2020-01-27 00:00:00] Black listed ticker
2023-02-08 15:18:52,582 - price_lookup:82 - INFO - [2020-01-27 00:00:00] Black listed ticker
2023-02-08 15:18:52,618 - price_lookup:82 - INFO - [2020-01-27 00:00:00] Black listed ticker
2023-02-08 15:18:52,648 - price_lookup:82 - INFO - [2020-01-27 00:00:00] Black listed ticker
2023-02-08 15:18:52,665 - price_lookup:82 - INFO - [2020-01-28 00:00:00] Black listed ticker
2023-02-08 15:18:52,681 - price_lookup:82 - INFO - [2020-01-28 00:00:00] Black listed ticker
2023-02-08 15:18:52,697 - price_lookup:82 - INFO - [2020-01-28 00:00:00] Black listed ticker
2023-02-08 15:18:52,710 - price_lookup:82 - INFO - [2020-01-28 00:00:00] Black listed ticker
2023-02-08 15:18:52,719 - price_lookup:82 - INFO - [2020-01-28 00:00:00] Black listed ticker
2023-02-08 15:18:52,736 - price_lookup:82 - INFO - [2020-01-28 00:00:00] Black listed ticker
2023-02-08 15:18:52,754 - price_lookup:82 - INFO - [2020-01-28 00:00:00] Black listed ticker
2023-02-08 15:18:52,778 - price_lookup:82 - INFO - [2020-01-28 00:00:00] Black listed ticker
2023-02-08 15:18:52,795 - price_lookup:82 - INFO - [2020-01-29 00:00:00] Black listed ticker
2023-02-08 15:18:52,811 - price_lookup:82 - INFO - [2020-01-29 00:00:00] Black listed ticker
2023-02-08 15:18:52,832 - price_lookup:82 - INFO - [2020-01-29 00:00:00] Black listed ticker
2023-02-08 15:18:52,843 - price_lookup:82 - INFO - [2020-01-29 00:00:00] Black listed ticker
2023-02-08 15:18:52,852 - price_lookup:82 - INFO - [2020-01-29 00:00:00] Black listed ticker
2023-02-08 15:18:52,870 - price_lookup:82 - INFO - [2020-01-29 00:00:00] Black listed ticker
2023-02-08 15:18:52,890 - price_lookup:82 - INFO - [2020-01-29 00:00:00] Black listed ticker
2023-02-08 15:18:52,917 - price_lookup:82 - INFO - [2020-01-29 00:00:00] Black listed ticker
2023-02-08 15:18:52,949 - price_lookup:82 - INFO - [2020-01-29 00:00:00] Black listed ticker
2023-02-08 15:18:53,003 - price_lookup:82 - INFO - [2020-01-30 00:00:00] Black listed ticker
2023-02-08 15:18:53,041 - price_lookup:82 - INFO - [2020-01-30 00:00:00] Black listed ticker
2023-02-08 15:18:53,068 - price_lookup:82 - INFO - [2020-01-30 00:00:00] Black listed ticker
2023-02-08 15:18:53,088 - price_lookup:82 - INFO - [2020-01-30 00:00:00] Black listed ticker
2023-02-08 15:18:53,114 - price_lookup:82 - INFO - [2020-01-30 00:00:00] Black listed ticker
2023-02-08 15:18:53,153 - price_lookup:82 - INFO - [2020-01-30 00:00:00] Black listed ticker
2023-02-08 15:18:53,190 - price_lookup:82 - INFO - [2020-01-30 00:00:00] Black listed ticker
2023-02-08 15:18:53,224 - price_lookup:82 - INFO - [2020-01-30 00:00:00] Black listed ticker
2023-02-08 15:18:53,266 - price_lookup:82 - INFO - [2020-01-30 00:00:00] Black listed ticker
2023-02-08 15:18:53,309 - price_lookup:82 - INFO - [2020-01-30 00:00:00] Black listed ticker
2023-02-08 15:18:53,344 - price_lookup:82 - INFO - [2020-01-31 00:00:00] Black listed ticker
2023-02-08 15:18:53,371 - price_lookup:82 - INFO - [2020-01-31 00:00:00] Black listed ticker
2023-02-08 15:18:53,386 - price_lookup:82 - INFO - [2020-01-31 00:00:00] Black listed ticker
2023-02-08 15:18:53,401 - price_lookup:82 - INFO - [2020-01-31 00:00:00] Black listed ticker
2023-02-08 15:18:53,413 - price_lookup:82 - INFO - [2020-01-31 00:00:00] Black listed ticker
2023-02-08 15:18:53,430 - price_lookup:82 - INFO - [2020-01-31 00:00:00] Black listed ticker
2023-02-08 15:18:53,445 - price_lookup:82 - INFO - [2020-01-31 00:00:00] Black listed ticker
2023-02-08 15:18:53,463 - price_lookup:82 - INFO - [2020-01-31 00:00:00] Black listed ticker
2023-02-08 15:18:53,484 - price_lookup:82 - INFO - [2020-02-03 00:00:00] Black listed ticker
2023-02-08 15:18:53,510 - price_lookup:82 - INFO - [2020-02-03 00:00:00] Black listed ticker
2023-02-08 15:18:53,545 - price_lookup:82 - INFO - [2020-02-03 00:00:00] Black listed ticker
2023-02-08 15:18:53,566 - price_lookup:82 - INFO - [2020-02-03 00:00:00] Black listed ticker
2023-02-08 15:18:53,591 - price_lookup:82 - INFO - [2020-02-03 00:00:00] Black listed ticker
2023-02-08 15:18:53,618 - price_lookup:82 - INFO - [2020-02-03 00:00:00] Black listed ticker
2023-02-08 15:18:53,650 - price_lookup:82 - INFO - [2020-02-03 00:00:00] Black listed ticker
2023-02-08 15:18:53,681 - price_lookup:82 - INFO - [2020-02-03 00:00:00] Black listed ticker
2023-02-08 15:18:53,699 - price_lookup:82 - INFO - [2020-02-03 00:00:00] Black listed ticker
2023-02-08 15:18:53,718 - price_lookup:82 - INFO - [2020-02-04 00:00:00] Black listed ticker
2023-02-08 15:18:53,740 - price_lookup:82 - INFO - [2020-02-04 00:00:00] Black listed ticker
2023-02-08 15:18:53,760 - price_lookup:82 - INFO - [2020-02-04 00:00:00] Black listed ticker
2023-02-08 15:18:53,771 - price_lookup:82 - INFO - [2020-02-04 00:00:00] Black listed ticker
2023-02-08 15:18:53,785 - price_lookup:82 - INFO - [2020-02-04 00:00:00] Black listed ticker
2023-02-08 15:18:53,808 - price_lookup:82 - INFO - [2020-02-04 00:00:00] Black listed ticker
2023-02-08 15:18:53,832 - price_lookup:82 - INFO - [2020-02-04 00:00:00] Black listed ticker
2023-02-08 15:18:53,855 - price_lookup:82 - INFO - [2020-02-04 00:00:00] Black listed ticker
2023-02-08 15:18:53,875 - price_lookup:82 - INFO - [2020-02-04 00:00:00] Black listed ticker
2023-02-08 15:18:53,900 - price_lookup:82 - INFO - [2020-02-04 00:00:00] Black listed ticker
2023-02-08 15:18:53,925 - price_lookup:82 - INFO - [2020-02-05 00:00:00] Black listed ticker
2023-02-08 15:18:53,962 - price_lookup:82 - INFO - [2020-02-05 00:00:00] Black listed ticker
2023-02-08 15:18:54,000 - price_lookup:82 - INFO - [2020-02-05 00:00:00] Black listed ticker
2023-02-08 15:18:54,024 - price_lookup:82 - INFO - [2020-02-05 00:00:00] Black listed ticker
2023-02-08 15:18:54,050 - price_lookup:82 - INFO - [2020-02-05 00:00:00] Black listed ticker
2023-02-08 15:18:54,082 - price_lookup:82 - INFO - [2020-02-05 00:00:00] Black listed ticker
2023-02-08 15:18:54,134 - price_lookup:82 - INFO - [2020-02-05 00:00:00] Black listed ticker
2023-02-08 15:18:54,180 - price_lookup:82 - INFO - [2020-02-05 00:00:00] Black listed ticker
2023-02-08 15:18:54,217 - price_lookup:82 - INFO - [2020-02-05 00:00:00] Black listed ticker
2023-02-08 15:18:54,242 - price_lookup:82 - INFO - [2020-02-06 00:00:00] Black listed ticker
2023-02-08 15:18:54,259 - price_lookup:82 - INFO - [2020-02-06 00:00:00] Black listed ticker
2023-02-08 15:18:54,277 - price_lookup:82 - INFO - [2020-02-06 00:00:00] Black listed ticker
2023-02-08 15:18:54,288 - price_lookup:82 - INFO - [2020-02-06 00:00:00] Black listed ticker
2023-02-08 15:18:54,303 - price_lookup:82 - INFO - [2020-02-06 00:00:00] Black listed ticker
2023-02-08 15:18:54,333 - price_lookup:82 - INFO - [2020-02-06 00:00:00] Black listed ticker
2023-02-08 15:18:54,359 - price_lookup:82 - INFO - [2020-02-06 00:00:00] Black listed ticker
2023-02-08 15:18:54,381 - price_lookup:82 - INFO - [2020-02-06 00:00:00] Black listed ticker
2023-02-08 15:18:54,406 - price_lookup:82 - INFO - [2020-02-06 00:00:00] Black listed ticker
2023-02-08 15:18:54,438 - price_lookup:82 - INFO - [2020-02-06 00:00:00] Black listed ticker
2023-02-08 15:18:54,461 - price_lookup:82 - INFO - [2020-02-07 00:00:00] Black listed ticker
2023-02-08 15:18:54,481 - price_lookup:82 - INFO - [2020-02-07 00:00:00] Black listed ticker
2023-02-08 15:18:54,500 - price_lookup:82 - INFO - [2020-02-07 00:00:00] Black listed ticker
2023-02-08 15:18:54,511 - price_lookup:82 - INFO - [2020-02-07 00:00:00] Black listed ticker
2023-02-08 15:18:54,521 - price_lookup:82 - INFO - [2020-02-07 00:00:00] Black listed ticker
2023-02-08 15:18:54,540 - price_lookup:82 - INFO - [2020-02-07 00:00:00] Black listed ticker
2023-02-08 15:18:54,563 - price_lookup:82 - INFO - [2020-02-07 00:00:00] Black listed ticker
2023-02-08 15:18:54,588 - price_lookup:82 - INFO - [2020-02-07 00:00:00] Black listed ticker
2023-02-08 15:18:54,616 - price_lookup:82 - INFO - [2020-02-07 00:00:00] Black listed ticker
2023-02-08 15:18:54,643 - price_lookup:82 - INFO - [2020-02-07 00:00:00] Black listed ticker
2023-02-08 15:18:54,674 - price_lookup:82 - INFO - [2020-02-10 00:00:00] Black listed ticker
2023-02-08 15:18:54,698 - price_lookup:82 - INFO - [2020-02-10 00:00:00] Black listed ticker
2023-02-08 15:18:54,725 - price_lookup:82 - INFO - [2020-02-10 00:00:00] Black listed ticker
2023-02-08 15:18:54,737 - price_lookup:82 - INFO - [2020-02-10 00:00:00] Black listed ticker
2023-02-08 15:18:54,751 - price_lookup:82 - INFO - [2020-02-10 00:00:00] Black listed ticker
2023-02-08 15:18:54,776 - price_lookup:82 - INFO - [2020-02-10 00:00:00] Black listed ticker
2023-02-08 15:18:54,798 - price_lookup:82 - INFO - [2020-02-10 00:00:00] Black listed ticker
2023-02-08 15:18:54,831 - price_lookup:82 - INFO - [2020-02-10 00:00:00] Black listed ticker
2023-02-08 15:18:54,859 - price_lookup:82 - INFO - [2020-02-10 00:00:00] Black listed ticker
2023-02-08 15:18:54,884 - price_lookup:82 - INFO - [2020-02-11 00:00:00] Black listed ticker
2023-02-08 15:18:54,933 - price_lookup:82 - INFO - [2020-02-11 00:00:00] Black listed ticker
2023-02-08 15:18:54,994 - price_lookup:82 - INFO - [2020-02-11 00:00:00] Black listed ticker
2023-02-08 15:18:55,027 - price_lookup:82 - INFO - [2020-02-11 00:00:00] Black listed ticker
2023-02-08 15:18:55,068 - price_lookup:82 - INFO - [2020-02-11 00:00:00] Black listed ticker
2023-02-08 15:18:55,130 - price_lookup:82 - INFO - [2020-02-11 00:00:00] Black listed ticker
2023-02-08 15:18:55,179 - price_lookup:82 - INFO - [2020-02-11 00:00:00] Black listed ticker
2023-02-08 15:18:55,243 - price_lookup:82 - INFO - [2020-02-11 00:00:00] Black listed ticker
2023-02-08 15:18:55,291 - price_lookup:82 - INFO - [2020-02-12 00:00:00] Black listed ticker
2023-02-08 15:18:55,327 - price_lookup:82 - INFO - [2020-02-12 00:00:00] Black listed ticker
2023-02-08 15:18:55,347 - price_lookup:82 - INFO - [2020-02-12 00:00:00] Black listed ticker
2023-02-08 15:18:55,361 - price_lookup:82 - INFO - [2020-02-12 00:00:00] Black listed ticker
2023-02-08 15:18:55,376 - price_lookup:82 - INFO - [2020-02-12 00:00:00] Black listed ticker
2023-02-08 15:18:55,397 - price_lookup:82 - INFO - [2020-02-12 00:00:00] Black listed ticker
2023-02-08 15:18:55,423 - price_lookup:82 - INFO - [2020-02-12 00:00:00] Black listed ticker
2023-02-08 15:18:55,451 - price_lookup:82 - INFO - [2020-02-12 00:00:00] Black listed ticker
2023-02-08 15:18:55,477 - price_lookup:82 - INFO - [2020-02-12 00:00:00] Black listed ticker
2023-02-08 15:18:55,500 - price_lookup:82 - INFO - [2020-02-12 00:00:00] Black listed ticker
2023-02-08 15:18:55,530 - price_lookup:82 - INFO - [2020-02-13 00:00:00] Black listed ticker
2023-02-08 15:18:55,563 - price_lookup:82 - INFO - [2020-02-13 00:00:00] Black listed ticker
2023-02-08 15:18:55,584 - price_lookup:82 - INFO - [2020-02-13 00:00:00] Black listed ticker
2023-02-08 15:18:55,599 - price_lookup:82 - INFO - [2020-02-13 00:00:00] Black listed ticker
2023-02-08 15:18:55,618 - price_lookup:82 - INFO - [2020-02-13 00:00:00] Black listed ticker
2023-02-08 15:18:55,653 - price_lookup:82 - INFO - [2020-02-13 00:00:00] Black listed ticker
2023-02-08 15:18:55,683 - price_lookup:82 - INFO - [2020-02-13 00:00:00] Black listed ticker
2023-02-08 15:18:55,714 - price_lookup:82 - INFO - [2020-02-13 00:00:00] Black listed ticker
2023-02-08 15:18:55,744 - price_lookup:82 - INFO - [2020-02-13 00:00:00] Black listed ticker
2023-02-08 15:18:55,770 - price_lookup:82 - INFO - [2020-02-13 00:00:00] Black listed ticker
2023-02-08 15:18:55,796 - price_lookup:82 - INFO - [2020-02-13 00:00:00] Black listed ticker
2023-02-08 15:18:55,818 - price_lookup:82 - INFO - [2020-02-14 00:00:00] Black listed ticker
2023-02-08 15:18:55,846 - price_lookup:82 - INFO - [2020-02-14 00:00:00] Black listed ticker
2023-02-08 15:18:55,871 - price_lookup:82 - INFO - [2020-02-14 00:00:00] Black listed ticker
2023-02-08 15:18:55,898 - price_lookup:82 - INFO - [2020-02-14 00:00:00] Black listed ticker
2023-02-08 15:18:55,910 - price_lookup:82 - INFO - [2020-02-14 00:00:00] Black listed ticker
2023-02-08 15:18:55,935 - price_lookup:82 - INFO - [2020-02-14 00:00:00] Black listed ticker
2023-02-08 15:18:55,965 - price_lookup:82 - INFO - [2020-02-14 00:00:00] Black listed ticker
2023-02-08 15:18:55,990 - price_lookup:82 - INFO - [2020-02-14 00:00:00] Black listed ticker
2023-02-08 15:18:56,019 - price_lookup:82 - INFO - [2020-02-14 00:00:00] Black listed ticker
2023-02-08 15:18:56,066 - price_lookup:92 - INFO - [2020-02-17 00:00:00] Cache miss on SPY 2020-02-17 00:00:00. False 0
2023-02-08 15:18:57,419 - price_lookup:82 - INFO - [2020-02-18 00:00:00] Black listed ticker
2023-02-08 15:18:57,453 - price_lookup:82 - INFO - [2020-02-18 00:00:00] Black listed ticker
2023-02-08 15:18:57,478 - price_lookup:82 - INFO - [2020-02-18 00:00:00] Black listed ticker
2023-02-08 15:18:57,492 - price_lookup:82 - INFO - [2020-02-18 00:00:00] Black listed ticker
2023-02-08 15:18:57,507 - price_lookup:82 - INFO - [2020-02-18 00:00:00] Black listed ticker
2023-02-08 15:18:57,528 - price_lookup:82 - INFO - [2020-02-18 00:00:00] Black listed ticker
2023-02-08 15:18:57,553 - price_lookup:82 - INFO - [2020-02-18 00:00:00] Black listed ticker
2023-02-08 15:18:57,582 - price_lookup:82 - INFO - [2020-02-18 00:00:00] Black listed ticker
2023-02-08 15:18:57,614 - price_lookup:82 - INFO - [2020-02-18 00:00:00] Black listed ticker
2023-02-08 15:18:57,640 - price_lookup:82 - INFO - [2020-02-18 00:00:00] Black listed ticker
2023-02-08 15:18:57,664 - price_lookup:92 - INFO - [2020-02-18 00:00:00] Cache miss on SNV 2020-02-18 00:00:00. True 0
2023-02-08 15:18:59,037 - price_lookup:82 - INFO - [2020-02-18 00:00:00] Black listed ticker
2023-02-08 15:18:59,059 - price_lookup:92 - INFO - [2020-02-18 00:00:00] Cache miss on COT 2020-02-18 00:00:00. True 0
2023-02-08 15:19:00,141 - price_lookup:82 - INFO - [2020-02-18 00:00:00] Black listed ticker
2023-02-08 15:19:00,193 - price_lookup:82 - INFO - [2020-02-18 00:00:00] Black listed ticker
2023-02-08 15:19:00,225 - price_lookup:82 - INFO - [2020-02-18 00:00:00] Black listed ticker
2023-02-08 15:19:00,249 - price_lookup:92 - INFO - [2020-02-18 00:00:00] Cache miss on GPI 2020-02-18 00:00:00. True 0
2023-02-08 15:19:01,616 - price_lookup:82 - INFO - [2020-02-18 00:00:00] Black listed ticker
2023-02-08 15:19:01,657 - price_lookup:92 - INFO - [2020-02-18 00:00:00] Cache miss on AOS 2020-02-18 00:00:00. True 0
